running egg_info
creating ../../build/my_rmf_core/my_rmf_core.egg-info
writing ../../build/my_rmf_core/my_rmf_core.egg-info/PKG-INFO
writing dependency_links to ../../build/my_rmf_core/my_rmf_core.egg-info/dependency_links.txt
writing requirements to ../../build/my_rmf_core/my_rmf_core.egg-info/requires.txt
writing top-level names to ../../build/my_rmf_core/my_rmf_core.egg-info/top_level.txt
writing manifest file '../../build/my_rmf_core/my_rmf_core.egg-info/SOURCES.txt'
reading manifest file '../../build/my_rmf_core/my_rmf_core.egg-info/SOURCES.txt'
writing manifest file '../../build/my_rmf_core/my_rmf_core.egg-info/SOURCES.txt'
running build
running build_py
creating /home/ros2/rmf_ws/build/my_rmf_core/build/lib/my_rmf_core
copying my_rmf_core/__init__.py -> /home/ros2/rmf_ws/build/my_rmf_core/build/lib/my_rmf_core
running install
running install_lib
creating /home/ros2/rmf_ws/install/my_rmf_core/lib/python3.10/site-packages/my_rmf_core
copying /home/ros2/rmf_ws/build/my_rmf_core/build/lib/my_rmf_core/__init__.py -> /home/ros2/rmf_ws/install/my_rmf_core/lib/python3.10/site-packages/my_rmf_core
byte-compiling /home/ros2/rmf_ws/install/my_rmf_core/lib/python3.10/site-packages/my_rmf_core/__init__.py to __init__.cpython-310.pyc
running install_data
creating /home/ros2/rmf_ws/install/my_rmf_core/share/ament_index/resource_index/packages
copying resource/my_rmf_core -> /home/ros2/rmf_ws/install/my_rmf_core/share/ament_index/resource_index/packages
copying package.xml -> /home/ros2/rmf_ws/install/my_rmf_core/share/my_rmf_core
creating /home/ros2/rmf_ws/install/my_rmf_core/share/my_rmf_core/launch
copying launch/rmf_core.launch.py -> /home/ros2/rmf_ws/install/my_rmf_core/share/my_rmf_core/launch
running install_egg_info
Copying ../../build/my_rmf_core/my_rmf_core.egg-info to /home/ros2/rmf_ws/install/my_rmf_core/lib/python3.10/site-packages/my_rmf_core-0.0.0-py3.10.egg-info
running install_scripts
writing list of installed files to '/home/ros2/rmf_ws/build/my_rmf_core/install.log'
