[3.026s] Invoking command in '/home/robot1/rmf_ws/src/fleet_adapter_template/fleet_adapter_template': PYTHONPATH=/home/robot1/rmf_ws/build/fleet_adapter_template/prefix_override:/usr/lib/python3/dist-packages/colcon_core/task/python/colcon_distutils_commands:/home/robot1/rmf_ws/install/fleet_adapter_template/lib/python3.10/site-packages:${PYTHONPATH} /usr/bin/python3 -W ignore:setup.py install is deprecated -W ignore:easy_install command is deprecated setup.py egg_info --egg-base ../../../build/fleet_adapter_template build --build-base /home/robot1/rmf_ws/build/fleet_adapter_template/build install --record /home/robot1/rmf_ws/build/fleet_adapter_template/install.log --single-version-externally-managed install_data
[3.934s] running egg_info
[3.937s] writing ../../../build/fleet_adapter_template/fleet_adapter_template.egg-info/PKG-INFO
[3.937s] writing dependency_links to ../../../build/fleet_adapter_template/fleet_adapter_template.egg-info/dependency_links.txt
[3.938s] writing entry points to ../../../build/fleet_adapter_template/fleet_adapter_template.egg-info/entry_points.txt
[3.938s] writing requirements to ../../../build/fleet_adapter_template/fleet_adapter_template.egg-info/requires.txt
[3.939s] writing top-level names to ../../../build/fleet_adapter_template/fleet_adapter_template.egg-info/top_level.txt
[3.952s] reading manifest file '../../../build/fleet_adapter_template/fleet_adapter_template.egg-info/SOURCES.txt'
[3.953s] writing manifest file '../../../build/fleet_adapter_template/fleet_adapter_template.egg-info/SOURCES.txt'
[3.954s] running build
[3.954s] running build_py
[3.954s] copying fleet_adapter_template/RobotCommandHandle.py -> /home/robot1/rmf_ws/build/fleet_adapter_template/build/lib/fleet_adapter_template
[3.957s] copying fleet_adapter_template/fleet_manager.py -> /home/robot1/rmf_ws/build/fleet_adapter_template/build/lib/fleet_adapter_template
[3.957s] copying fleet_adapter_template/fleet_adapter.py -> /home/robot1/rmf_ws/build/fleet_adapter_template/build/lib/fleet_adapter_template
[3.958s] copying fleet_adapter_template/RobotClientAPI.py -> /home/robot1/rmf_ws/build/fleet_adapter_template/build/lib/fleet_adapter_template
[3.963s] running install
[3.963s] running install_lib
[3.964s] copying /home/robot1/rmf_ws/build/fleet_adapter_template/build/lib/fleet_adapter_template/RobotCommandHandle.py -> /home/robot1/rmf_ws/install/fleet_adapter_template/lib/python3.10/site-packages/fleet_adapter_template
[3.965s] copying /home/robot1/rmf_ws/build/fleet_adapter_template/build/lib/fleet_adapter_template/fleet_manager.py -> /home/robot1/rmf_ws/install/fleet_adapter_template/lib/python3.10/site-packages/fleet_adapter_template
[3.967s] copying /home/robot1/rmf_ws/build/fleet_adapter_template/build/lib/fleet_adapter_template/fleet_adapter.py -> /home/robot1/rmf_ws/install/fleet_adapter_template/lib/python3.10/site-packages/fleet_adapter_template
[3.967s] copying /home/robot1/rmf_ws/build/fleet_adapter_template/build/lib/fleet_adapter_template/RobotClientAPI.py -> /home/robot1/rmf_ws/install/fleet_adapter_template/lib/python3.10/site-packages/fleet_adapter_template
[3.974s] byte-compiling /home/robot1/rmf_ws/install/fleet_adapter_template/lib/python3.10/site-packages/fleet_adapter_template/RobotCommandHandle.py to RobotCommandHandle.cpython-310.pyc
[3.985s] byte-compiling /home/robot1/rmf_ws/install/fleet_adapter_template/lib/python3.10/site-packages/fleet_adapter_template/fleet_manager.py to fleet_manager.cpython-310.pyc
[3.993s] byte-compiling /home/robot1/rmf_ws/install/fleet_adapter_template/lib/python3.10/site-packages/fleet_adapter_template/fleet_adapter.py to fleet_adapter.cpython-310.pyc
[3.998s] byte-compiling /home/robot1/rmf_ws/install/fleet_adapter_template/lib/python3.10/site-packages/fleet_adapter_template/RobotClientAPI.py to RobotClientAPI.cpython-310.pyc
[4.004s] running install_data
[4.005s] copying config.yaml -> /home/robot1/rmf_ws/install/fleet_adapter_template/share/fleet_adapter_template
[4.006s] running install_egg_info
[4.014s] removing '/home/robot1/rmf_ws/install/fleet_adapter_template/lib/python3.10/site-packages/fleet_adapter_template-0.0.0-py3.10.egg-info' (and everything under it)
[4.015s] Copying ../../../build/fleet_adapter_template/fleet_adapter_template.egg-info to /home/robot1/rmf_ws/install/fleet_adapter_template/lib/python3.10/site-packages/fleet_adapter_template-0.0.0-py3.10.egg-info
[4.018s] running install_scripts
[4.084s] Installing fleet_adapter script to /home/robot1/rmf_ws/install/fleet_adapter_template/lib/fleet_adapter_template
[4.085s] writing list of installed files to '/home/robot1/rmf_ws/build/fleet_adapter_template/install.log'
[4.156s] Invoked command in '/home/robot1/rmf_ws/src/fleet_adapter_template/fleet_adapter_template' returned '0': PYTHONPATH=/home/robot1/rmf_ws/build/fleet_adapter_template/prefix_override:/usr/lib/python3/dist-packages/colcon_core/task/python/colcon_distutils_commands:/home/robot1/rmf_ws/install/fleet_adapter_template/lib/python3.10/site-packages:${PYTHONPATH} /usr/bin/python3 -W ignore:setup.py install is deprecated -W ignore:easy_install command is deprecated setup.py egg_info --egg-base ../../../build/fleet_adapter_template build --build-base /home/robot1/rmf_ws/build/fleet_adapter_template/build install --record /home/robot1/rmf_ws/build/fleet_adapter_template/install.log --single-version-externally-managed install_data
