[2.061s] Invoking command in '/home/ros2/rmf_ws/src/rmf_demos/rmf_demos_fleet_adapter': PYTHONPATH=/home/ros2/rmf_ws/build/rmf_demos_fleet_adapter/prefix_override:/usr/lib/python3/dist-packages/colcon_core/task/python/colcon_distutils_commands:/home/ros2/rmf_ws/install/rmf_demos_fleet_adapter/lib/python3.10/site-packages:${PYTHONPATH} /usr/bin/python3 -W ignore:setup.py install is deprecated -W ignore:easy_install command is deprecated setup.py egg_info --egg-base ../../../build/rmf_demos_fleet_adapter build --build-base /home/ros2/rmf_ws/build/rmf_demos_fleet_adapter/build install --record /home/ros2/rmf_ws/build/rmf_demos_fleet_adapter/install.log --single-version-externally-managed install_data
[2.532s] /home/ros2/.local/lib/python3.10/site-packages/setuptools/_distutils/dist.py:289: UserWarning: Unknown distribution option: 'tests_require'
[2.532s]   warnings.warn(msg)
[2.859s] running egg_info
[2.919s] creating ../../../build/rmf_demos_fleet_adapter/rmf_demos_fleet_adapter.egg-info
[2.919s] writing ../../../build/rmf_demos_fleet_adapter/rmf_demos_fleet_adapter.egg-info/PKG-INFO
[2.920s] writing dependency_links to ../../../build/rmf_demos_fleet_adapter/rmf_demos_fleet_adapter.egg-info/dependency_links.txt
[2.921s] writing entry points to ../../../build/rmf_demos_fleet_adapter/rmf_demos_fleet_adapter.egg-info/entry_points.txt
[2.921s] writing requirements to ../../../build/rmf_demos_fleet_adapter/rmf_demos_fleet_adapter.egg-info/requires.txt
[2.922s] writing top-level names to ../../../build/rmf_demos_fleet_adapter/rmf_demos_fleet_adapter.egg-info/top_level.txt
[2.922s] writing manifest file '../../../build/rmf_demos_fleet_adapter/rmf_demos_fleet_adapter.egg-info/SOURCES.txt'
[3.044s] reading manifest file '../../../build/rmf_demos_fleet_adapter/rmf_demos_fleet_adapter.egg-info/SOURCES.txt'
[3.046s] writing manifest file '../../../build/rmf_demos_fleet_adapter/rmf_demos_fleet_adapter.egg-info/SOURCES.txt'
[3.046s] running build
[3.047s] running build_py
[3.047s] creating /home/ros2/rmf_ws/build/rmf_demos_fleet_adapter/build/lib/test
[3.048s] copying test/test_copyright.py -> /home/ros2/rmf_ws/build/rmf_demos_fleet_adapter/build/lib/test
[3.048s] copying test/test_pep257.py -> /home/ros2/rmf_ws/build/rmf_demos_fleet_adapter/build/lib/test
[3.048s] copying test/test_flake8.py -> /home/ros2/rmf_ws/build/rmf_demos_fleet_adapter/build/lib/test
[3.048s] copying test/__init__.py -> /home/ros2/rmf_ws/build/rmf_demos_fleet_adapter/build/lib/test
[3.050s] creating /home/ros2/rmf_ws/build/rmf_demos_fleet_adapter/build/lib/rmf_demos_fleet_adapter
[3.050s] copying rmf_demos_fleet_adapter/RobotCommandHandle.py -> /home/ros2/rmf_ws/build/rmf_demos_fleet_adapter/build/lib/rmf_demos_fleet_adapter
[3.050s] copying rmf_demos_fleet_adapter/fleet_adapter.py -> /home/ros2/rmf_ws/build/rmf_demos_fleet_adapter/build/lib/rmf_demos_fleet_adapter
[3.051s] copying rmf_demos_fleet_adapter/fleet_manager.py -> /home/ros2/rmf_ws/build/rmf_demos_fleet_adapter/build/lib/rmf_demos_fleet_adapter
[3.051s] copying rmf_demos_fleet_adapter/RobotClientAPI.py -> /home/ros2/rmf_ws/build/rmf_demos_fleet_adapter/build/lib/rmf_demos_fleet_adapter
[3.051s] copying rmf_demos_fleet_adapter/__init__.py -> /home/ros2/rmf_ws/build/rmf_demos_fleet_adapter/build/lib/rmf_demos_fleet_adapter
[3.052s] running install
[3.064s] running install_lib
[3.122s] creating /home/ros2/rmf_ws/install/rmf_demos_fleet_adapter/lib/python3.10/site-packages/test
[3.122s] copying /home/ros2/rmf_ws/build/rmf_demos_fleet_adapter/build/lib/test/test_copyright.py -> /home/ros2/rmf_ws/install/rmf_demos_fleet_adapter/lib/python3.10/site-packages/test
[3.122s] copying /home/ros2/rmf_ws/build/rmf_demos_fleet_adapter/build/lib/test/test_pep257.py -> /home/ros2/rmf_ws/install/rmf_demos_fleet_adapter/lib/python3.10/site-packages/test
[3.124s] copying /home/ros2/rmf_ws/build/rmf_demos_fleet_adapter/build/lib/test/test_flake8.py -> /home/ros2/rmf_ws/install/rmf_demos_fleet_adapter/lib/python3.10/site-packages/test
[3.124s] copying /home/ros2/rmf_ws/build/rmf_demos_fleet_adapter/build/lib/test/__init__.py -> /home/ros2/rmf_ws/install/rmf_demos_fleet_adapter/lib/python3.10/site-packages/test
[3.124s] creating /home/ros2/rmf_ws/install/rmf_demos_fleet_adapter/lib/python3.10/site-packages/rmf_demos_fleet_adapter
[3.126s] copying /home/ros2/rmf_ws/build/rmf_demos_fleet_adapter/build/lib/rmf_demos_fleet_adapter/RobotCommandHandle.py -> /home/ros2/rmf_ws/install/rmf_demos_fleet_adapter/lib/python3.10/site-packages/rmf_demos_fleet_adapter
[3.127s] copying /home/ros2/rmf_ws/build/rmf_demos_fleet_adapter/build/lib/rmf_demos_fleet_adapter/fleet_adapter.py -> /home/ros2/rmf_ws/install/rmf_demos_fleet_adapter/lib/python3.10/site-packages/rmf_demos_fleet_adapter
[3.128s] copying /home/ros2/rmf_ws/build/rmf_demos_fleet_adapter/build/lib/rmf_demos_fleet_adapter/fleet_manager.py -> /home/ros2/rmf_ws/install/rmf_demos_fleet_adapter/lib/python3.10/site-packages/rmf_demos_fleet_adapter
[3.128s] copying /home/ros2/rmf_ws/build/rmf_demos_fleet_adapter/build/lib/rmf_demos_fleet_adapter/RobotClientAPI.py -> /home/ros2/rmf_ws/install/rmf_demos_fleet_adapter/lib/python3.10/site-packages/rmf_demos_fleet_adapter
[3.130s] copying /home/ros2/rmf_ws/build/rmf_demos_fleet_adapter/build/lib/rmf_demos_fleet_adapter/__init__.py -> /home/ros2/rmf_ws/install/rmf_demos_fleet_adapter/lib/python3.10/site-packages/rmf_demos_fleet_adapter
[3.130s] byte-compiling /home/ros2/rmf_ws/install/rmf_demos_fleet_adapter/lib/python3.10/site-packages/test/test_copyright.py to test_copyright.cpython-310.pyc
[3.131s] byte-compiling /home/ros2/rmf_ws/install/rmf_demos_fleet_adapter/lib/python3.10/site-packages/test/test_pep257.py to test_pep257.cpython-310.pyc
[3.132s] byte-compiling /home/ros2/rmf_ws/install/rmf_demos_fleet_adapter/lib/python3.10/site-packages/test/test_flake8.py to test_flake8.cpython-310.pyc
[3.132s] byte-compiling /home/ros2/rmf_ws/install/rmf_demos_fleet_adapter/lib/python3.10/site-packages/test/__init__.py to __init__.cpython-310.pyc
[3.135s] byte-compiling /home/ros2/rmf_ws/install/rmf_demos_fleet_adapter/lib/python3.10/site-packages/rmf_demos_fleet_adapter/RobotCommandHandle.py to RobotCommandHandle.cpython-310.pyc
[3.142s] byte-compiling /home/ros2/rmf_ws/install/rmf_demos_fleet_adapter/lib/python3.10/site-packages/rmf_demos_fleet_adapter/fleet_adapter.py to fleet_adapter.cpython-310.pyc
[3.146s] byte-compiling /home/ros2/rmf_ws/install/rmf_demos_fleet_adapter/lib/python3.10/site-packages/rmf_demos_fleet_adapter/fleet_manager.py to fleet_manager.cpython-310.pyc
[3.153s] byte-compiling /home/ros2/rmf_ws/install/rmf_demos_fleet_adapter/lib/python3.10/site-packages/rmf_demos_fleet_adapter/RobotClientAPI.py to RobotClientAPI.cpython-310.pyc
[3.154s] byte-compiling /home/ros2/rmf_ws/install/rmf_demos_fleet_adapter/lib/python3.10/site-packages/rmf_demos_fleet_adapter/__init__.py to __init__.cpython-310.pyc
[3.154s] running install_data
[3.155s] creating /home/ros2/rmf_ws/install/rmf_demos_fleet_adapter/share/ament_index/resource_index/packages
[3.155s] copying resource/rmf_demos_fleet_adapter -> /home/ros2/rmf_ws/install/rmf_demos_fleet_adapter/share/ament_index/resource_index/packages
[3.155s] copying package.xml -> /home/ros2/rmf_ws/install/rmf_demos_fleet_adapter/share/rmf_demos_fleet_adapter
[3.156s] copying config.yaml -> /home/ros2/rmf_ws/install/rmf_demos_fleet_adapter/share/rmf_demos_fleet_adapter
[3.156s] creating /home/ros2/rmf_ws/install/rmf_demos_fleet_adapter/share/rmf_demos_fleet_adapter/launch
[3.158s] copying launch/fleet_adapter.launch.xml -> /home/ros2/rmf_ws/install/rmf_demos_fleet_adapter/share/rmf_demos_fleet_adapter/launch
[3.158s] running install_egg_info
[3.214s] Copying ../../../build/rmf_demos_fleet_adapter/rmf_demos_fleet_adapter.egg-info to /home/ros2/rmf_ws/install/rmf_demos_fleet_adapter/lib/python3.10/site-packages/rmf_demos_fleet_adapter-2.0.3-py3.10.egg-info
[3.217s] running install_scripts
[3.300s] Installing fleet_adapter script to /home/ros2/rmf_ws/install/rmf_demos_fleet_adapter/lib/rmf_demos_fleet_adapter
[3.300s] Installing fleet_manager script to /home/ros2/rmf_ws/install/rmf_demos_fleet_adapter/lib/rmf_demos_fleet_adapter
[3.301s] writing list of installed files to '/home/ros2/rmf_ws/build/rmf_demos_fleet_adapter/install.log'
[3.585s] Invoked command in '/home/ros2/rmf_ws/src/rmf_demos/rmf_demos_fleet_adapter' returned '0': PYTHONPATH=/home/ros2/rmf_ws/build/rmf_demos_fleet_adapter/prefix_override:/usr/lib/python3/dist-packages/colcon_core/task/python/colcon_distutils_commands:/home/ros2/rmf_ws/install/rmf_demos_fleet_adapter/lib/python3.10/site-packages:${PYTHONPATH} ROS_DOMAIN_ID=57 /usr/bin/python3 -W ignore:setup.py install is deprecated -W ignore:easy_install command is deprecated setup.py egg_info --egg-base ../../../build/rmf_demos_fleet_adapter build --build-base /home/ros2/rmf_ws/build/rmf_demos_fleet_adapter/build install --record /home/ros2/rmf_ws/build/rmf_demos_fleet_adapter/install.log --single-version-externally-managed install_data
