[0.964s] Invoking command in '/home/robot1/rmf_ws/build/fleet_adapter_template': PYTHONPATH=/home/robot1/rmf_ws/build/fleet_adapter_template/prefix_override:/usr/lib/python3/dist-packages/colcon_core/task/python/colcon_distutils_commands:/home/robot1/rmf_ws/install/fleet_adapter_template/lib/python3.10/site-packages:${PYTHONPATH} /usr/bin/python3 -W ignore:setup.py install is deprecated -W ignore:easy_install command is deprecated setup.py develop --uninstall --editable --build-directory /home/robot1/rmf_ws/build/fleet_adapter_template/build
[1.312s] running develop
[1.576s] Removing /home/robot1/rmf_ws/install/fleet_adapter_template/lib/python3.10/site-packages/fleet-adapter-template.egg-link (link to .)
[1.613s] Invoked command in '/home/robot1/rmf_ws/build/fleet_adapter_template' returned '0': PYTHONPATH=/home/robot1/rmf_ws/build/fleet_adapter_template/prefix_override:/usr/lib/python3/dist-packages/colcon_core/task/python/colcon_distutils_commands:/home/robot1/rmf_ws/install/fleet_adapter_template/lib/python3.10/site-packages:${PYTHONPATH} /usr/bin/python3 -W ignore:setup.py install is deprecated -W ignore:easy_install command is deprecated setup.py develop --uninstall --editable --build-directory /home/robot1/rmf_ws/build/fleet_adapter_template/build
[1.615s] Invoking command in '/home/robot1/rmf_ws/src/fleet_adapter_template/fleet_adapter_template': PYTHONPATH=/home/robot1/rmf_ws/build/fleet_adapter_template/prefix_override:/usr/lib/python3/dist-packages/colcon_core/task/python/colcon_distutils_commands:/home/robot1/rmf_ws/install/fleet_adapter_template/lib/python3.10/site-packages:${PYTHONPATH} /usr/bin/python3 -W ignore:setup.py install is deprecated -W ignore:easy_install command is deprecated setup.py egg_info --egg-base ../../../build/fleet_adapter_template build --build-base /home/robot1/rmf_ws/build/fleet_adapter_template/build install --record /home/robot1/rmf_ws/build/fleet_adapter_template/install.log --single-version-externally-managed install_data --force
[1.993s] running egg_info
[1.994s] writing ../../../build/fleet_adapter_template/fleet_adapter_template.egg-info/PKG-INFO
[1.995s] writing dependency_links to ../../../build/fleet_adapter_template/fleet_adapter_template.egg-info/dependency_links.txt
[1.995s] writing entry points to ../../../build/fleet_adapter_template/fleet_adapter_template.egg-info/entry_points.txt
[1.995s] writing requirements to ../../../build/fleet_adapter_template/fleet_adapter_template.egg-info/requires.txt
[1.995s] writing top-level names to ../../../build/fleet_adapter_template/fleet_adapter_template.egg-info/top_level.txt
[2.006s] reading manifest file '../../../build/fleet_adapter_template/fleet_adapter_template.egg-info/SOURCES.txt'
[2.007s] writing manifest file '../../../build/fleet_adapter_template/fleet_adapter_template.egg-info/SOURCES.txt'
[2.007s] running build
[2.008s] running build_py
[2.008s] creating /home/robot1/rmf_ws/build/fleet_adapter_template/build
[2.008s] creating /home/robot1/rmf_ws/build/fleet_adapter_template/build/lib
[2.008s] creating /home/robot1/rmf_ws/build/fleet_adapter_template/build/lib/fleet_adapter_template
[2.009s] copying fleet_adapter_template/RobotCommandHandler.py -> /home/robot1/rmf_ws/build/fleet_adapter_template/build/lib/fleet_adapter_template
[2.009s] copying fleet_adapter_template/fleet_adapter.py -> /home/robot1/rmf_ws/build/fleet_adapter_template/build/lib/fleet_adapter_template
[2.009s] copying fleet_adapter_template/RobotClientAPI.py -> /home/robot1/rmf_ws/build/fleet_adapter_template/build/lib/fleet_adapter_template
[2.009s] copying fleet_adapter_template/__init__.py -> /home/robot1/rmf_ws/build/fleet_adapter_template/build/lib/fleet_adapter_template
[2.009s] running install
[2.009s] running install_lib
[2.011s] creating /home/robot1/rmf_ws/install/fleet_adapter_template/lib/python3.10/site-packages/fleet_adapter_template
[2.011s] copying /home/robot1/rmf_ws/build/fleet_adapter_template/build/lib/fleet_adapter_template/RobotCommandHandler.py -> /home/robot1/rmf_ws/install/fleet_adapter_template/lib/python3.10/site-packages/fleet_adapter_template
[2.011s] copying /home/robot1/rmf_ws/build/fleet_adapter_template/build/lib/fleet_adapter_template/fleet_adapter.py -> /home/robot1/rmf_ws/install/fleet_adapter_template/lib/python3.10/site-packages/fleet_adapter_template
[2.012s] copying /home/robot1/rmf_ws/build/fleet_adapter_template/build/lib/fleet_adapter_template/RobotClientAPI.py -> /home/robot1/rmf_ws/install/fleet_adapter_template/lib/python3.10/site-packages/fleet_adapter_template
[2.012s] copying /home/robot1/rmf_ws/build/fleet_adapter_template/build/lib/fleet_adapter_template/__init__.py -> /home/robot1/rmf_ws/install/fleet_adapter_template/lib/python3.10/site-packages/fleet_adapter_template
[2.013s] byte-compiling /home/robot1/rmf_ws/install/fleet_adapter_template/lib/python3.10/site-packages/fleet_adapter_template/RobotCommandHandler.py to RobotCommandHandler.cpython-310.pyc
[2.016s] byte-compiling /home/robot1/rmf_ws/install/fleet_adapter_template/lib/python3.10/site-packages/fleet_adapter_template/fleet_adapter.py to fleet_adapter.cpython-310.pyc
[2.019s] byte-compiling /home/robot1/rmf_ws/install/fleet_adapter_template/lib/python3.10/site-packages/fleet_adapter_template/RobotClientAPI.py to RobotClientAPI.cpython-310.pyc
[2.022s] byte-compiling /home/robot1/rmf_ws/install/fleet_adapter_template/lib/python3.10/site-packages/fleet_adapter_template/__init__.py to __init__.cpython-310.pyc
[2.022s] running install_data
[2.022s] copying resource/fleet_adapter_template -> /home/robot1/rmf_ws/install/fleet_adapter_template/share/ament_index/resource_index/packages
[2.023s] copying package.xml -> /home/robot1/rmf_ws/install/fleet_adapter_template/share/fleet_adapter_template
[2.023s] copying config.yaml -> /home/robot1/rmf_ws/install/fleet_adapter_template/share/fleet_adapter_template
[2.023s] running install_egg_info
[2.026s] Copying ../../../build/fleet_adapter_template/fleet_adapter_template.egg-info to /home/robot1/rmf_ws/install/fleet_adapter_template/lib/python3.10/site-packages/fleet_adapter_template-0.0.0-py3.10.egg-info
[2.027s] running install_scripts
[2.053s] Installing fleet_adapter script to /home/robot1/rmf_ws/install/fleet_adapter_template/lib/fleet_adapter_template
[2.053s] writing list of installed files to '/home/robot1/rmf_ws/build/fleet_adapter_template/install.log'
[2.084s] Invoked command in '/home/robot1/rmf_ws/src/fleet_adapter_template/fleet_adapter_template' returned '0': PYTHONPATH=/home/robot1/rmf_ws/build/fleet_adapter_template/prefix_override:/usr/lib/python3/dist-packages/colcon_core/task/python/colcon_distutils_commands:/home/robot1/rmf_ws/install/fleet_adapter_template/lib/python3.10/site-packages:${PYTHONPATH} /usr/bin/python3 -W ignore:setup.py install is deprecated -W ignore:easy_install command is deprecated setup.py egg_info --egg-base ../../../build/fleet_adapter_template build --build-base /home/robot1/rmf_ws/build/fleet_adapter_template/build install --record /home/robot1/rmf_ws/build/fleet_adapter_template/install.log --single-version-externally-managed install_data --force
