[3.815s] Invoking command in '/home/ros2/rmf_ws/src/fleet_adapter_template/fleet_adapter_template': PYTHONPATH=/home/ros2/rmf_ws/build/fleet_adapter_template/prefix_override:/usr/lib/python3/dist-packages/colcon_core/task/python/colcon_distutils_commands:/home/ros2/rmf_ws/install/fleet_adapter_template/lib/python3.10/site-packages:${PYTHONPATH} ROS_DOMAIN_ID=5${ROS_DOMAIN_ID} /usr/bin/python3 -W ignore:setup.py install is deprecated -W ignore:easy_install command is deprecated setup.py egg_info --egg-base ../../../build/fleet_adapter_template build --build-base /home/ros2/rmf_ws/build/fleet_adapter_template/build install --record /home/ros2/rmf_ws/build/fleet_adapter_template/install.log --single-version-externally-managed install_data
[4.651s] /home/ros2/.local/lib/python3.10/site-packages/setuptools/_distutils/dist.py:289: UserWarning: Unknown distribution option: 'tests_require'
[4.651s]   warnings.warn(msg)
[5.256s] running egg_info
[5.369s] creating ../../../build/fleet_adapter_template/fleet_adapter_template.egg-info
[5.370s] writing ../../../build/fleet_adapter_template/fleet_adapter_template.egg-info/PKG-INFO
[5.370s] writing dependency_links to ../../../build/fleet_adapter_template/fleet_adapter_template.egg-info/dependency_links.txt
[5.370s] writing entry points to ../../../build/fleet_adapter_template/fleet_adapter_template.egg-info/entry_points.txt
[5.370s] writing requirements to ../../../build/fleet_adapter_template/fleet_adapter_template.egg-info/requires.txt
[5.370s] writing top-level names to ../../../build/fleet_adapter_template/fleet_adapter_template.egg-info/top_level.txt
[5.374s] writing manifest file '../../../build/fleet_adapter_template/fleet_adapter_template.egg-info/SOURCES.txt'
[5.616s] reading manifest file '../../../build/fleet_adapter_template/fleet_adapter_template.egg-info/SOURCES.txt'
[5.625s] writing manifest file '../../../build/fleet_adapter_template/fleet_adapter_template.egg-info/SOURCES.txt'
[5.625s] running build
[5.625s] running build_py
[5.626s] creating /home/ros2/rmf_ws/build/fleet_adapter_template/build/lib/fleet_adapter_template
[5.626s] copying fleet_adapter_template/RobotCommandHandle.py -> /home/ros2/rmf_ws/build/fleet_adapter_template/build/lib/fleet_adapter_template
[5.626s] copying fleet_adapter_template/fleet_adapter.py -> /home/ros2/rmf_ws/build/fleet_adapter_template/build/lib/fleet_adapter_template
[5.627s] copying fleet_adapter_template/fleet_manager.py -> /home/ros2/rmf_ws/build/fleet_adapter_template/build/lib/fleet_adapter_template
[5.627s] copying fleet_adapter_template/RobotClientAPI.py -> /home/ros2/rmf_ws/build/fleet_adapter_template/build/lib/fleet_adapter_template
[5.641s] copying fleet_adapter_template/__init__.py -> /home/ros2/rmf_ws/build/fleet_adapter_template/build/lib/fleet_adapter_template
[5.641s] running install
[5.662s] running install_lib
[5.716s] creating /home/ros2/rmf_ws/install/fleet_adapter_template/lib/python3.10/site-packages/fleet_adapter_template
[5.719s] copying /home/ros2/rmf_ws/build/fleet_adapter_template/build/lib/fleet_adapter_template/RobotCommandHandle.py -> /home/ros2/rmf_ws/install/fleet_adapter_template/lib/python3.10/site-packages/fleet_adapter_template
[5.720s] copying /home/ros2/rmf_ws/build/fleet_adapter_template/build/lib/fleet_adapter_template/fleet_adapter.py -> /home/ros2/rmf_ws/install/fleet_adapter_template/lib/python3.10/site-packages/fleet_adapter_template
[5.720s] copying /home/ros2/rmf_ws/build/fleet_adapter_template/build/lib/fleet_adapter_template/fleet_manager.py -> /home/ros2/rmf_ws/install/fleet_adapter_template/lib/python3.10/site-packages/fleet_adapter_template
[5.720s] copying /home/ros2/rmf_ws/build/fleet_adapter_template/build/lib/fleet_adapter_template/RobotClientAPI.py -> /home/ros2/rmf_ws/install/fleet_adapter_template/lib/python3.10/site-packages/fleet_adapter_template
[5.720s] copying /home/ros2/rmf_ws/build/fleet_adapter_template/build/lib/fleet_adapter_template/__init__.py -> /home/ros2/rmf_ws/install/fleet_adapter_template/lib/python3.10/site-packages/fleet_adapter_template
[5.720s] byte-compiling /home/ros2/rmf_ws/install/fleet_adapter_template/lib/python3.10/site-packages/fleet_adapter_template/RobotCommandHandle.py to RobotCommandHandle.cpython-310.pyc
[5.731s] byte-compiling /home/ros2/rmf_ws/install/fleet_adapter_template/lib/python3.10/site-packages/fleet_adapter_template/fleet_adapter.py to fleet_adapter.cpython-310.pyc
[5.732s] byte-compiling /home/ros2/rmf_ws/install/fleet_adapter_template/lib/python3.10/site-packages/fleet_adapter_template/fleet_manager.py to fleet_manager.cpython-310.pyc
[5.740s] byte-compiling /home/ros2/rmf_ws/install/fleet_adapter_template/lib/python3.10/site-packages/fleet_adapter_template/RobotClientAPI.py to RobotClientAPI.cpython-310.pyc
[5.742s] byte-compiling /home/ros2/rmf_ws/install/fleet_adapter_template/lib/python3.10/site-packages/fleet_adapter_template/__init__.py to __init__.cpython-310.pyc
[5.743s] running install_data
[5.743s] creating /home/ros2/rmf_ws/install/fleet_adapter_template/share/ament_index/resource_index/packages
[5.743s] copying resource/fleet_adapter_template -> /home/ros2/rmf_ws/install/fleet_adapter_template/share/ament_index/resource_index/packages
[5.744s] copying package.xml -> /home/ros2/rmf_ws/install/fleet_adapter_template/share/fleet_adapter_template
[5.744s] copying config.yaml -> /home/ros2/rmf_ws/install/fleet_adapter_template/share/fleet_adapter_template
[5.749s] running install_egg_info
[5.863s] Copying ../../../build/fleet_adapter_template/fleet_adapter_template.egg-info to /home/ros2/rmf_ws/install/fleet_adapter_template/lib/python3.10/site-packages/fleet_adapter_template-0.0.0-py3.10.egg-info
[5.866s] running install_scripts
[6.090s] Installing fleet_adapter script to /home/ros2/rmf_ws/install/fleet_adapter_template/lib/fleet_adapter_template
[6.095s] writing list of installed files to '/home/ros2/rmf_ws/build/fleet_adapter_template/install.log'
[6.190s] Invoked command in '/home/ros2/rmf_ws/src/fleet_adapter_template/fleet_adapter_template' returned '0': PYTHONPATH=/home/ros2/rmf_ws/build/fleet_adapter_template/prefix_override:/usr/lib/python3/dist-packages/colcon_core/task/python/colcon_distutils_commands:/home/ros2/rmf_ws/install/fleet_adapter_template/lib/python3.10/site-packages:${PYTHONPATH} ROS_DOMAIN_ID=54 /usr/bin/python3 -W ignore:setup.py install is deprecated -W ignore:easy_install command is deprecated setup.py egg_info --egg-base ../../../build/fleet_adapter_template build --build-base /home/ros2/rmf_ws/build/fleet_adapter_template/build install --record /home/ros2/rmf_ws/build/fleet_adapter_template/install.log --single-version-externally-managed install_data
