[3.284s] Invoking command in '/home/robot1/rmf_ws/src/fleet_adapter_template/fleet_adapter_template': PYTHONPATH=/home/robot1/rmf_ws/build/fleet_adapter_template/prefix_override:/usr/lib/python3/dist-packages/colcon_core/task/python/colcon_distutils_commands:/home/robot1/rmf_ws/install/fleet_adapter_template/lib/python3.10/site-packages:${PYTHONPATH} /usr/bin/python3 -W ignore:setup.py install is deprecated -W ignore:easy_install command is deprecated setup.py egg_info --egg-base ../../../build/fleet_adapter_template build --build-base /home/robot1/rmf_ws/build/fleet_adapter_template/build install --record /home/robot1/rmf_ws/build/fleet_adapter_template/install.log --single-version-externally-managed install_data
[4.127s] running egg_info
[4.130s] writing ../../../build/fleet_adapter_template/fleet_adapter_template.egg-info/PKG-INFO
[4.132s] writing dependency_links to ../../../build/fleet_adapter_template/fleet_adapter_template.egg-info/dependency_links.txt
[4.134s] writing entry points to ../../../build/fleet_adapter_template/fleet_adapter_template.egg-info/entry_points.txt
[4.135s] writing requirements to ../../../build/fleet_adapter_template/fleet_adapter_template.egg-info/requires.txt
[4.138s] writing top-level names to ../../../build/fleet_adapter_template/fleet_adapter_template.egg-info/top_level.txt
[4.149s] reading manifest file '../../../build/fleet_adapter_template/fleet_adapter_template.egg-info/SOURCES.txt'
[4.151s] writing manifest file '../../../build/fleet_adapter_template/fleet_adapter_template.egg-info/SOURCES.txt'
[4.152s] running build
[4.152s] running build_py
[4.152s] running install
[4.152s] running install_lib
[4.155s] running install_data
[4.157s] running install_egg_info
[4.159s] removing '/home/robot1/rmf_ws/install/fleet_adapter_template/lib/python3.10/site-packages/fleet_adapter_template-0.0.0-py3.10.egg-info' (and everything under it)
[4.160s] Copying ../../../build/fleet_adapter_template/fleet_adapter_template.egg-info to /home/robot1/rmf_ws/install/fleet_adapter_template/lib/python3.10/site-packages/fleet_adapter_template-0.0.0-py3.10.egg-info
[4.163s] running install_scripts
[4.205s] Installing fleet_adapter script to /home/robot1/rmf_ws/install/fleet_adapter_template/lib/fleet_adapter_template
[4.205s] writing list of installed files to '/home/robot1/rmf_ws/build/fleet_adapter_template/install.log'
[4.264s] Invoked command in '/home/robot1/rmf_ws/src/fleet_adapter_template/fleet_adapter_template' returned '0': PYTHONPATH=/home/robot1/rmf_ws/build/fleet_adapter_template/prefix_override:/usr/lib/python3/dist-packages/colcon_core/task/python/colcon_distutils_commands:/home/robot1/rmf_ws/install/fleet_adapter_template/lib/python3.10/site-packages:${PYTHONPATH} /usr/bin/python3 -W ignore:setup.py install is deprecated -W ignore:easy_install command is deprecated setup.py egg_info --egg-base ../../../build/fleet_adapter_template build --build-base /home/robot1/rmf_ws/build/fleet_adapter_template/build install --record /home/robot1/rmf_ws/build/fleet_adapter_template/install.log --single-version-externally-managed install_data
