[3.478s] Invoking command in '/home/robot1/rmf_ws/build/my_rmf_core': PYTHONPATH=/home/robot1/rmf_ws/build/my_rmf_core/prefix_override:/usr/lib/python3/dist-packages/colcon_core/task/python/colcon_distutils_commands:/home/robot1/rmf_ws/install/my_rmf_core/lib/python3.10/site-packages:${PYTHONPATH} /usr/bin/python3 -W ignore:setup.py install is deprecated -W ignore:easy_install command is deprecated setup.py develop --uninstall --editable --build-directory /home/robot1/rmf_ws/build/my_rmf_core/build
[4.324s] running develop
[5.644s] Removing /home/robot1/rmf_ws/install/my_rmf_core/lib/python3.10/site-packages/my-rmf-core.egg-link (link to .)
[5.750s] Invoked command in '/home/robot1/rmf_ws/build/my_rmf_core' returned '0': PYTHONPATH=/home/robot1/rmf_ws/build/my_rmf_core/prefix_override:/usr/lib/python3/dist-packages/colcon_core/task/python/colcon_distutils_commands:/home/robot1/rmf_ws/install/my_rmf_core/lib/python3.10/site-packages:${PYTHONPATH} /usr/bin/python3 -W ignore:setup.py install is deprecated -W ignore:easy_install command is deprecated setup.py develop --uninstall --editable --build-directory /home/robot1/rmf_ws/build/my_rmf_core/build
[5.755s] Invoking command in '/home/robot1/rmf_ws/src/my_rmf_core': PYTHONPATH=/home/robot1/rmf_ws/build/my_rmf_core/prefix_override:/usr/lib/python3/dist-packages/colcon_core/task/python/colcon_distutils_commands:/home/robot1/rmf_ws/install/my_rmf_core/lib/python3.10/site-packages:${PYTHONPATH} /usr/bin/python3 -W ignore:setup.py install is deprecated -W ignore:easy_install command is deprecated setup.py egg_info --egg-base ../../build/my_rmf_core build --build-base /home/robot1/rmf_ws/build/my_rmf_core/build install --record /home/robot1/rmf_ws/build/my_rmf_core/install.log --single-version-externally-managed install_data --force
[7.639s] running egg_info
[7.641s] writing ../../build/my_rmf_core/my_rmf_core.egg-info/PKG-INFO
[7.643s] writing dependency_links to ../../build/my_rmf_core/my_rmf_core.egg-info/dependency_links.txt
[7.646s] writing entry points to ../../build/my_rmf_core/my_rmf_core.egg-info/entry_points.txt
[7.646s] writing requirements to ../../build/my_rmf_core/my_rmf_core.egg-info/requires.txt
[7.648s] writing top-level names to ../../build/my_rmf_core/my_rmf_core.egg-info/top_level.txt
[7.671s] reading manifest file '../../build/my_rmf_core/my_rmf_core.egg-info/SOURCES.txt'
[7.675s] writing manifest file '../../build/my_rmf_core/my_rmf_core.egg-info/SOURCES.txt'
[7.677s] running build
[7.678s] running build_py
[7.681s] creating /home/robot1/rmf_ws/build/my_rmf_core/build
[7.682s] creating /home/robot1/rmf_ws/build/my_rmf_core/build/lib
[7.682s] creating /home/robot1/rmf_ws/build/my_rmf_core/build/lib/my_rmf_core
[7.682s] copying my_rmf_core/__init__.py -> /home/robot1/rmf_ws/build/my_rmf_core/build/lib/my_rmf_core
[7.682s] running install
[7.685s] running install_lib
[7.688s] creating /home/robot1/rmf_ws/install/my_rmf_core/lib/python3.10/site-packages/my_rmf_core
[7.689s] copying /home/robot1/rmf_ws/build/my_rmf_core/build/lib/my_rmf_core/__init__.py -> /home/robot1/rmf_ws/install/my_rmf_core/lib/python3.10/site-packages/my_rmf_core
[7.693s] byte-compiling /home/robot1/rmf_ws/install/my_rmf_core/lib/python3.10/site-packages/my_rmf_core/__init__.py to __init__.cpython-310.pyc
[7.695s] running install_data
[7.695s] copying resource/my_rmf_core -> /home/robot1/rmf_ws/install/my_rmf_core/share/ament_index/resource_index/packages
[7.697s] copying package.xml -> /home/robot1/rmf_ws/install/my_rmf_core/share/my_rmf_core
[7.698s] copying launch/rmf_core.launch.py -> /home/robot1/rmf_ws/install/my_rmf_core/share/my_rmf_core/launch
[7.698s] running install_egg_info
[7.707s] Copying ../../build/my_rmf_core/my_rmf_core.egg-info to /home/robot1/rmf_ws/install/my_rmf_core/lib/python3.10/site-packages/my_rmf_core-0.0.0-py3.10.egg-info
[7.713s] running install_scripts
[7.810s] writing list of installed files to '/home/robot1/rmf_ws/build/my_rmf_core/install.log'
[7.926s] Invoked command in '/home/robot1/rmf_ws/src/my_rmf_core' returned '0': PYTHONPATH=/home/robot1/rmf_ws/build/my_rmf_core/prefix_override:/usr/lib/python3/dist-packages/colcon_core/task/python/colcon_distutils_commands:/home/robot1/rmf_ws/install/my_rmf_core/lib/python3.10/site-packages:${PYTHONPATH} /usr/bin/python3 -W ignore:setup.py install is deprecated -W ignore:easy_install command is deprecated setup.py egg_info --egg-base ../../build/my_rmf_core build --build-base /home/robot1/rmf_ws/build/my_rmf_core/build install --record /home/robot1/rmf_ws/build/my_rmf_core/install.log --single-version-externally-managed install_data --force
