[2.362s] Invoking command in '/home/ros2/rmf_ws/src/rmf_demos/rmf_demos_panel': CMAKE_PREFIX_PATH=/home/ros2/rmf_ws/install/rmf_demos_dashboard_resources:/home/ros2/rmf_ws/install/rmf_demos_gz_classic:/home/ros2/rmf_ws/install/rmf_demos_gz:/home/ros2/rmf_ws/install/rmf_demos:/home/ros2/rmf_ws/install/rmf_demos_maps:/home/ros2/rmf_ws/install/rmf_demos_assets:/home/ros2/emma_ws/install/emma_ros:/home/ros2/microros_ws/install/micro_ros_demos_rclc:/home/ros2/microros_ws/install/common_interfaces:/home/ros2/microros_ws/install/visualization_msgs:/home/ros2/microros_ws/install/test_msgs:/home/ros2/microros_ws/install/example_interfaces:/home/ros2/microros_ws/install/action_msgs:/home/ros2/microros_ws/install/unique_identifier_msgs:/home/ros2/microros_ws/install/trajectory_msgs:/home/ros2/microros_ws/install/stereo_msgs:/home/ros2/microros_ws/install/std_srvs:/home/ros2/microros_ws/install/shape_msgs:/home/ros2/microros_ws/install/sensor_msgs:/home/ros2/microros_ws/install/nav_msgs:/home/ros2/microros_ws/install/diagnostic_msgs:/home/ros2/microros_ws/install/geometry_msgs:/home/ros2/microros_ws/install/actionlib_msgs:/home/ros2/microros_ws/install/std_msgs:/home/ros2/microros_ws/install/statistics_msgs:/home/ros2/microros_ws/install/rosidl_typesupport_microxrcedds_test_msg:/home/ros2/microros_ws/install/rosidl_typesupport_microxrcedds_cpp_tests:/home/ros2/microros_ws/install/rmw_microxrcedds:/home/ros2/microros_ws/install/rosidl_typesupport_microxrcedds_cpp:/home/ros2/microros_ws/install/rosidl_typesupport_microxrcedds_c_tests:/home/ros2/microros_ws/install/rosidl_typesupport_microxrcedds_c:/home/ros2/microros_ws/install/rosgraph_msgs:/home/ros2/microros_ws/install/rclc_parameter:/home/ros2/microros_ws/install/rclc:/home/ros2/microros_ws/install/composition_interfaces:/home/ros2/microros_ws/install/rcl_interfaces:/home/ros2/microros_ws/install/microxrcedds_client:/home/ros2/microros_ws/install/microcdr:/home/ros2/microros_ws/install/micro_ros_utilities:/home/ros2/microros_ws/install/micro_ros_setup:/home/ros2/microros_ws/install/micro_ros_agent:/home/ros2/microros_ws/install/micro_ros_msgs:/home/ros2/microros_ws/install/lifecycle_msgs:/home/ros2/microros_ws/install/complex_msgs:/home/ros2/microros_ws/install/builtin_interfaces PYTHONPATH=/home/ros2/rmf_ws/build/rmf_demos_panel/prefix_override:/usr/lib/python3/dist-packages/colcon_core/task/python/colcon_distutils_commands:/home/ros2/rmf_ws/install/rmf_demos_panel/lib/python3.10/site-packages:${PYTHONPATH} ROS_DOMAIN_ID=9 /usr/bin/python3 -W ignore:setup.py install is deprecated -W ignore:easy_install command is deprecated setup.py egg_info --egg-base ../../../build/rmf_demos_panel build --build-base /home/ros2/rmf_ws/build/rmf_demos_panel/build install --record /home/ros2/rmf_ws/build/rmf_demos_panel/install.log --single-version-externally-managed install_data
[3.328s] /home/ros2/.local/lib/python3.10/site-packages/setuptools/_distutils/dist.py:289: UserWarning: Unknown distribution option: 'tests_require'
[3.328s]   warnings.warn(msg)
[3.972s] running egg_info
[4.092s] creating ../../../build/rmf_demos_panel/rmf_demos_panel.egg-info
[4.128s] writing ../../../build/rmf_demos_panel/rmf_demos_panel.egg-info/PKG-INFO
[4.133s] writing dependency_links to ../../../build/rmf_demos_panel/rmf_demos_panel.egg-info/dependency_links.txt
[4.134s] writing entry points to ../../../build/rmf_demos_panel/rmf_demos_panel.egg-info/entry_points.txt
[4.142s] writing requirements to ../../../build/rmf_demos_panel/rmf_demos_panel.egg-info/requires.txt
[4.143s] writing top-level names to ../../../build/rmf_demos_panel/rmf_demos_panel.egg-info/top_level.txt
[4.153s] writing manifest file '../../../build/rmf_demos_panel/rmf_demos_panel.egg-info/SOURCES.txt'
[4.334s] reading manifest file '../../../build/rmf_demos_panel/rmf_demos_panel.egg-info/SOURCES.txt'
[4.334s] writing manifest file '../../../build/rmf_demos_panel/rmf_demos_panel.egg-info/SOURCES.txt'
[4.335s] running build
[4.335s] running build_py
[4.335s] creating /home/ros2/rmf_ws/build/rmf_demos_panel/build/lib/rmf_demos_panel
[4.335s] copying rmf_demos_panel/simple_api_server.py -> /home/ros2/rmf_ws/build/rmf_demos_panel/build/lib/rmf_demos_panel
[4.335s] copying rmf_demos_panel/rmf_msg_observer.py -> /home/ros2/rmf_ws/build/rmf_demos_panel/build/lib/rmf_demos_panel
[4.335s] copying rmf_demos_panel/dispatcher_client.py -> /home/ros2/rmf_ws/build/rmf_demos_panel/build/lib/rmf_demos_panel
[4.335s] copying rmf_demos_panel/__init__.py -> /home/ros2/rmf_ws/build/rmf_demos_panel/build/lib/rmf_demos_panel
[4.335s] running install
[4.350s] running install_lib
[4.499s] creating /home/ros2/rmf_ws/install/rmf_demos_panel/lib/python3.10/site-packages/rmf_demos_panel
[4.502s] copying /home/ros2/rmf_ws/build/rmf_demos_panel/build/lib/rmf_demos_panel/simple_api_server.py -> /home/ros2/rmf_ws/install/rmf_demos_panel/lib/python3.10/site-packages/rmf_demos_panel
[4.503s] copying /home/ros2/rmf_ws/build/rmf_demos_panel/build/lib/rmf_demos_panel/rmf_msg_observer.py -> /home/ros2/rmf_ws/install/rmf_demos_panel/lib/python3.10/site-packages/rmf_demos_panel
[4.503s] copying /home/ros2/rmf_ws/build/rmf_demos_panel/build/lib/rmf_demos_panel/dispatcher_client.py -> /home/ros2/rmf_ws/install/rmf_demos_panel/lib/python3.10/site-packages/rmf_demos_panel
[4.507s] copying /home/ros2/rmf_ws/build/rmf_demos_panel/build/lib/rmf_demos_panel/__init__.py -> /home/ros2/rmf_ws/install/rmf_demos_panel/lib/python3.10/site-packages/rmf_demos_panel
[4.509s] byte-compiling /home/ros2/rmf_ws/install/rmf_demos_panel/lib/python3.10/site-packages/rmf_demos_panel/simple_api_server.py to simple_api_server.cpython-310.pyc
[4.517s] byte-compiling /home/ros2/rmf_ws/install/rmf_demos_panel/lib/python3.10/site-packages/rmf_demos_panel/rmf_msg_observer.py to rmf_msg_observer.cpython-310.pyc
[4.525s] byte-compiling /home/ros2/rmf_ws/install/rmf_demos_panel/lib/python3.10/site-packages/rmf_demos_panel/dispatcher_client.py to dispatcher_client.cpython-310.pyc
[4.541s] byte-compiling /home/ros2/rmf_ws/install/rmf_demos_panel/lib/python3.10/site-packages/rmf_demos_panel/__init__.py to __init__.cpython-310.pyc
[4.542s] running install_data
[4.542s] creating /home/ros2/rmf_ws/install/rmf_demos_panel/share/ament_index/resource_index/packages
[4.543s] copying resource/rmf_demos_panel -> /home/ros2/rmf_ws/install/rmf_demos_panel/share/ament_index/resource_index/packages
[4.543s] copying package.xml -> /home/ros2/rmf_ws/install/rmf_demos_panel/share/rmf_demos_panel
[4.543s] creating /home/ros2/rmf_ws/install/rmf_demos_panel/lib/python3.10/site-packages/rmf_demos_panel/templates
[4.544s] creating /home/ros2/rmf_ws/install/rmf_demos_panel/lib/python3.10/site-packages/rmf_demos_panel/static/dist
[4.544s] running install_egg_info
[4.690s] Copying ../../../build/rmf_demos_panel/rmf_demos_panel.egg-info to /home/ros2/rmf_ws/install/rmf_demos_panel/lib/python3.10/site-packages/rmf_demos_panel-2.0.3-py3.10.egg-info
[4.690s] running install_scripts
[4.924s] Installing simple_api_server script to /home/ros2/rmf_ws/install/rmf_demos_panel/lib/rmf_demos_panel
[4.924s] writing list of installed files to '/home/ros2/rmf_ws/build/rmf_demos_panel/install.log'
[5.206s] Invoked command in '/home/ros2/rmf_ws/src/rmf_demos/rmf_demos_panel' returned '0': CMAKE_PREFIX_PATH=/home/ros2/rmf_ws/install/rmf_demos_dashboard_resources:/home/ros2/rmf_ws/install/rmf_demos_gz_classic:/home/ros2/rmf_ws/install/rmf_demos_gz:/home/ros2/rmf_ws/install/rmf_demos:/home/ros2/rmf_ws/install/rmf_demos_maps:/home/ros2/rmf_ws/install/rmf_demos_assets:/home/ros2/emma_ws/install/emma_ros:/home/ros2/microros_ws/install/micro_ros_demos_rclc:/home/ros2/microros_ws/install/common_interfaces:/home/ros2/microros_ws/install/visualization_msgs:/home/ros2/microros_ws/install/test_msgs:/home/ros2/microros_ws/install/example_interfaces:/home/ros2/microros_ws/install/action_msgs:/home/ros2/microros_ws/install/unique_identifier_msgs:/home/ros2/microros_ws/install/trajectory_msgs:/home/ros2/microros_ws/install/stereo_msgs:/home/ros2/microros_ws/install/std_srvs:/home/ros2/microros_ws/install/shape_msgs:/home/ros2/microros_ws/install/sensor_msgs:/home/ros2/microros_ws/install/nav_msgs:/home/ros2/microros_ws/install/diagnostic_msgs:/home/ros2/microros_ws/install/geometry_msgs:/home/ros2/microros_ws/install/actionlib_msgs:/home/ros2/microros_ws/install/std_msgs:/home/ros2/microros_ws/install/statistics_msgs:/home/ros2/microros_ws/install/rosidl_typesupport_microxrcedds_test_msg:/home/ros2/microros_ws/install/rosidl_typesupport_microxrcedds_cpp_tests:/home/ros2/microros_ws/install/rmw_microxrcedds:/home/ros2/microros_ws/install/rosidl_typesupport_microxrcedds_cpp:/home/ros2/microros_ws/install/rosidl_typesupport_microxrcedds_c_tests:/home/ros2/microros_ws/install/rosidl_typesupport_microxrcedds_c:/home/ros2/microros_ws/install/rosgraph_msgs:/home/ros2/microros_ws/install/rclc_parameter:/home/ros2/microros_ws/install/rclc:/home/ros2/microros_ws/install/composition_interfaces:/home/ros2/microros_ws/install/rcl_interfaces:/home/ros2/microros_ws/install/microxrcedds_client:/home/ros2/microros_ws/install/microcdr:/home/ros2/microros_ws/install/micro_ros_utilities:/home/ros2/microros_ws/install/micro_ros_setup:/home/ros2/microros_ws/install/micro_ros_agent:/home/ros2/microros_ws/install/micro_ros_msgs:/home/ros2/microros_ws/install/lifecycle_msgs:/home/ros2/microros_ws/install/complex_msgs:/home/ros2/microros_ws/install/builtin_interfaces PYTHONPATH=/home/ros2/rmf_ws/build/rmf_demos_panel/prefix_override:/usr/lib/python3/dist-packages/colcon_core/task/python/colcon_distutils_commands:/home/ros2/rmf_ws/install/rmf_demos_panel/lib/python3.10/site-packages:${PYTHONPATH} ROS_DOMAIN_ID=9 /usr/bin/python3 -W ignore:setup.py install is deprecated -W ignore:easy_install command is deprecated setup.py egg_info --egg-base ../../../build/rmf_demos_panel build --build-base /home/ros2/rmf_ws/build/rmf_demos_panel/build install --record /home/ros2/rmf_ws/build/rmf_demos_panel/install.log --single-version-externally-managed install_data
