[1.408s] Invoking command in '/home/robot1/rmf_ws/src/my_rmf_core': PYTHONPATH=/home/robot1/rmf_ws/build/my_rmf_core/prefix_override:/usr/lib/python3/dist-packages/colcon_core/task/python/colcon_distutils_commands:/home/robot1/rmf_ws/install/my_rmf_core/lib/python3.10/site-packages:${PYTHONPATH} /usr/bin/python3 -W ignore:setup.py install is deprecated -W ignore:easy_install command is deprecated setup.py egg_info --egg-base ../../build/my_rmf_core build --build-base /home/robot1/rmf_ws/build/my_rmf_core/build install --record /home/robot1/rmf_ws/build/my_rmf_core/install.log --single-version-externally-managed install_data
[1.764s] running egg_info
[1.765s] writing ../../build/my_rmf_core/my_rmf_core.egg-info/PKG-INFO
[1.767s] writing dependency_links to ../../build/my_rmf_core/my_rmf_core.egg-info/dependency_links.txt
[1.768s] writing entry points to ../../build/my_rmf_core/my_rmf_core.egg-info/entry_points.txt
[1.768s] writing requirements to ../../build/my_rmf_core/my_rmf_core.egg-info/requires.txt
[1.768s] writing top-level names to ../../build/my_rmf_core/my_rmf_core.egg-info/top_level.txt
[1.780s] reading manifest file '../../build/my_rmf_core/my_rmf_core.egg-info/SOURCES.txt'
[1.782s] writing manifest file '../../build/my_rmf_core/my_rmf_core.egg-info/SOURCES.txt'
[1.782s] running build
[1.782s] running build_py
[1.782s] running install
[1.783s] running install_lib
[1.784s] running install_data
[1.785s] running install_egg_info
[1.788s] removing '/home/robot1/rmf_ws/install/my_rmf_core/lib/python3.10/site-packages/my_rmf_core-0.0.0-py3.10.egg-info' (and everything under it)
[1.788s] Copying ../../build/my_rmf_core/my_rmf_core.egg-info to /home/robot1/rmf_ws/install/my_rmf_core/lib/python3.10/site-packages/my_rmf_core-0.0.0-py3.10.egg-info
[1.790s] running install_scripts
[1.827s] writing list of installed files to '/home/robot1/rmf_ws/build/my_rmf_core/install.log'
[1.889s] Invoked command in '/home/robot1/rmf_ws/src/my_rmf_core' returned '0': PYTHONPATH=/home/robot1/rmf_ws/build/my_rmf_core/prefix_override:/usr/lib/python3/dist-packages/colcon_core/task/python/colcon_distutils_commands:/home/robot1/rmf_ws/install/my_rmf_core/lib/python3.10/site-packages:${PYTHONPATH} /usr/bin/python3 -W ignore:setup.py install is deprecated -W ignore:easy_install command is deprecated setup.py egg_info --egg-base ../../build/my_rmf_core build --build-base /home/robot1/rmf_ws/build/my_rmf_core/build install --record /home/robot1/rmf_ws/build/my_rmf_core/install.log --single-version-externally-managed install_data
