[2.488s] Invoking command in '/home/robot1/rmf_ws/src/my_rmf_core': PYTHONPATH=/home/robot1/rmf_ws/build/my_rmf_core/prefix_override:/usr/lib/python3/dist-packages/colcon_core/task/python/colcon_distutils_commands:/home/robot1/rmf_ws/install/my_rmf_core/lib/python3.10/site-packages:${PYTHONPATH} /usr/bin/python3 -W ignore:setup.py install is deprecated -W ignore:easy_install command is deprecated setup.py egg_info --egg-base ../../build/my_rmf_core build --build-base /home/robot1/rmf_ws/build/my_rmf_core/build install --record /home/robot1/rmf_ws/build/my_rmf_core/install.log --single-version-externally-managed install_data
[3.399s] running egg_info
[3.399s] writing ../../build/my_rmf_core/my_rmf_core.egg-info/PKG-INFO
[3.400s] writing dependency_links to ../../build/my_rmf_core/my_rmf_core.egg-info/dependency_links.txt
[3.400s] writing entry points to ../../build/my_rmf_core/my_rmf_core.egg-info/entry_points.txt
[3.400s] writing requirements to ../../build/my_rmf_core/my_rmf_core.egg-info/requires.txt
[3.401s] writing top-level names to ../../build/my_rmf_core/my_rmf_core.egg-info/top_level.txt
[3.413s] reading manifest file '../../build/my_rmf_core/my_rmf_core.egg-info/SOURCES.txt'
[3.414s] writing manifest file '../../build/my_rmf_core/my_rmf_core.egg-info/SOURCES.txt'
[3.414s] running build
[3.414s] running build_py
[3.414s] running install
[3.415s] running install_lib
[3.417s] running install_data
[3.418s] running install_egg_info
[3.420s] removing '/home/robot1/rmf_ws/install/my_rmf_core/lib/python3.10/site-packages/my_rmf_core-0.0.0-py3.10.egg-info' (and everything under it)
[3.421s] Copying ../../build/my_rmf_core/my_rmf_core.egg-info to /home/robot1/rmf_ws/install/my_rmf_core/lib/python3.10/site-packages/my_rmf_core-0.0.0-py3.10.egg-info
[3.423s] running install_scripts
[3.528s] writing list of installed files to '/home/robot1/rmf_ws/build/my_rmf_core/install.log'
[3.701s] Invoked command in '/home/robot1/rmf_ws/src/my_rmf_core' returned '0': PYTHONPATH=/home/robot1/rmf_ws/build/my_rmf_core/prefix_override:/usr/lib/python3/dist-packages/colcon_core/task/python/colcon_distutils_commands:/home/robot1/rmf_ws/install/my_rmf_core/lib/python3.10/site-packages:${PYTHONPATH} /usr/bin/python3 -W ignore:setup.py install is deprecated -W ignore:easy_install command is deprecated setup.py egg_info --egg-base ../../build/my_rmf_core build --build-base /home/robot1/rmf_ws/build/my_rmf_core/build install --record /home/robot1/rmf_ws/build/my_rmf_core/install.log --single-version-externally-managed install_data
