[0.121s] DEBUG:colcon:Command line arguments: ['/usr/bin/colcon', 'list']
[0.122s] DEBUG:colcon:Parsed command line arguments: Namespace(log_base=None, log_level=None, verb_name='list', build_base='build', ignore_user_meta=False, metas=['./colcon.meta'], base_paths=['.'], packages_ignore=None, packages_ignore_regex=None, paths=None, packages_up_to=None, packages_up_to_regex=None, packages_above=None, packages_above_and_dependencies=None, packages_above_depth=None, packages_select_by_dep=None, packages_skip_by_dep=None, packages_skip_up_to=None, packages_select_build_failed=False, packages_skip_build_finished=False, packages_select_test_failures=False, packages_skip_test_passed=False, packages_select=None, packages_skip=None, packages_select_regex=None, packages_skip_regex=None, packages_start=None, packages_end=None, allow_overriding=[], topological_order=False, names_only=False, paths_only=False, topological_graph=False, topological_graph_dot=False, topological_graph_density=False, topological_graph_legend=False, topological_graph_dot_cluster=False, topological_graph_dot_include_skipped=False, mixin_files=None, mixin=None, verb_parser=<colcon_mixin.mixin.mixin_argument.MixinArgumentDecorator object at 0x77729f4adea0>, verb_extension=<colcon_package_information.verb.list.ListVerb object at 0x77729f4269e0>, main=<bound method ListVerb.main of <colcon_package_information.verb.list.ListVerb object at 0x77729f4269e0>>, mixin_verb=('list',))
[0.364s] Level 1:colcon.colcon_core.package_discovery:discover_packages(colcon_meta) check parameters
[0.364s] Level 1:colcon.colcon_core.package_discovery:discover_packages(recursive) check parameters
[0.364s] Level 1:colcon.colcon_core.package_discovery:discover_packages(ignore) check parameters
[0.364s] Level 1:colcon.colcon_core.package_discovery:discover_packages(path) check parameters
[0.364s] Level 1:colcon.colcon_core.package_discovery:discover_packages(colcon_meta) discover
[0.364s] Level 1:colcon.colcon_core.package_discovery:discover_packages(recursive) discover
[0.364s] INFO:colcon.colcon_core.package_discovery:Crawling recursively for packages in '/home/robot1/rmf_ws'
[0.364s] Level 1:colcon.colcon_core.package_identification:_identify(.) by extensions ['ignore', 'ignore_ament_install']
[0.364s] Level 1:colcon.colcon_core.package_identification:_identify(.) by extension 'ignore'
[0.364s] Level 1:colcon.colcon_core.package_identification:_identify(.) by extension 'ignore_ament_install'
[0.364s] Level 1:colcon.colcon_core.package_identification:_identify(.) by extensions ['colcon_pkg']
[0.365s] Level 1:colcon.colcon_core.package_identification:_identify(.) by extension 'colcon_pkg'
[0.365s] Level 1:colcon.colcon_core.package_identification:_identify(.) by extensions ['colcon_meta']
[0.365s] Level 1:colcon.colcon_core.package_identification:_identify(.) by extension 'colcon_meta'
[0.365s] Level 1:colcon.colcon_core.package_identification:_identify(.) by extensions ['ros']
[0.365s] Level 1:colcon.colcon_core.package_identification:_identify(.) by extension 'ros'
[0.385s] Level 1:colcon.colcon_core.package_identification:_identify(.) by extensions ['cmake', 'python']
[0.385s] Level 1:colcon.colcon_core.package_identification:_identify(.) by extension 'cmake'
[0.385s] Level 1:colcon.colcon_core.package_identification:_identify(.) by extension 'python'
[0.385s] Level 1:colcon.colcon_core.package_identification:_identify(.) by extensions ['python_setup_py']
[0.385s] Level 1:colcon.colcon_core.package_identification:_identify(.) by extension 'python_setup_py'
[0.385s] Level 1:colcon.colcon_core.package_identification:_identify(build) by extensions ['ignore', 'ignore_ament_install']
[0.385s] Level 1:colcon.colcon_core.package_identification:_identify(build) by extension 'ignore'
[0.385s] Level 1:colcon.colcon_core.package_identification:_identify(build) ignored
[0.386s] Level 1:colcon.colcon_core.package_identification:_identify(install) by extensions ['ignore', 'ignore_ament_install']
[0.386s] Level 1:colcon.colcon_core.package_identification:_identify(install) by extension 'ignore'
[0.386s] Level 1:colcon.colcon_core.package_identification:_identify(install) ignored
[0.386s] Level 1:colcon.colcon_core.package_identification:_identify(log) by extensions ['ignore', 'ignore_ament_install']
[0.386s] Level 1:colcon.colcon_core.package_identification:_identify(log) by extension 'ignore'
[0.386s] Level 1:colcon.colcon_core.package_identification:_identify(log) ignored
[0.386s] Level 1:colcon.colcon_core.package_identification:_identify(src) by extensions ['ignore', 'ignore_ament_install']
[0.386s] Level 1:colcon.colcon_core.package_identification:_identify(src) by extension 'ignore'
[0.386s] Level 1:colcon.colcon_core.package_identification:_identify(src) by extension 'ignore_ament_install'
[0.387s] Level 1:colcon.colcon_core.package_identification:_identify(src) by extensions ['colcon_pkg']
[0.387s] Level 1:colcon.colcon_core.package_identification:_identify(src) by extension 'colcon_pkg'
[0.387s] Level 1:colcon.colcon_core.package_identification:_identify(src) by extensions ['colcon_meta']
[0.387s] Level 1:colcon.colcon_core.package_identification:_identify(src) by extension 'colcon_meta'
[0.387s] Level 1:colcon.colcon_core.package_identification:_identify(src) by extensions ['ros']
[0.387s] Level 1:colcon.colcon_core.package_identification:_identify(src) by extension 'ros'
[0.387s] Level 1:colcon.colcon_core.package_identification:_identify(src) by extensions ['cmake', 'python']
[0.387s] Level 1:colcon.colcon_core.package_identification:_identify(src) by extension 'cmake'
[0.387s] Level 1:colcon.colcon_core.package_identification:_identify(src) by extension 'python'
[0.387s] Level 1:colcon.colcon_core.package_identification:_identify(src) by extensions ['python_setup_py']
[0.387s] Level 1:colcon.colcon_core.package_identification:_identify(src) by extension 'python_setup_py'
[0.387s] Level 1:colcon.colcon_core.package_identification:_identify(src/fleet_adapter_template) by extensions ['ignore', 'ignore_ament_install']
[0.387s] Level 1:colcon.colcon_core.package_identification:_identify(src/fleet_adapter_template) by extension 'ignore'
[0.388s] Level 1:colcon.colcon_core.package_identification:_identify(src/fleet_adapter_template) by extension 'ignore_ament_install'
[0.388s] Level 1:colcon.colcon_core.package_identification:_identify(src/fleet_adapter_template) by extensions ['colcon_pkg']
[0.388s] Level 1:colcon.colcon_core.package_identification:_identify(src/fleet_adapter_template) by extension 'colcon_pkg'
[0.388s] Level 1:colcon.colcon_core.package_identification:_identify(src/fleet_adapter_template) by extensions ['colcon_meta']
[0.388s] Level 1:colcon.colcon_core.package_identification:_identify(src/fleet_adapter_template) by extension 'colcon_meta'
[0.388s] Level 1:colcon.colcon_core.package_identification:_identify(src/fleet_adapter_template) by extensions ['ros']
[0.388s] Level 1:colcon.colcon_core.package_identification:_identify(src/fleet_adapter_template) by extension 'ros'
[0.388s] Level 1:colcon.colcon_core.package_identification:_identify(src/fleet_adapter_template) by extensions ['cmake', 'python']
[0.388s] Level 1:colcon.colcon_core.package_identification:_identify(src/fleet_adapter_template) by extension 'cmake'
[0.388s] Level 1:colcon.colcon_core.package_identification:_identify(src/fleet_adapter_template) by extension 'python'
[0.388s] Level 1:colcon.colcon_core.package_identification:_identify(src/fleet_adapter_template) by extensions ['python_setup_py']
[0.388s] Level 1:colcon.colcon_core.package_identification:_identify(src/fleet_adapter_template) by extension 'python_setup_py'
[0.388s] Level 1:colcon.colcon_core.package_identification:_identify(src/fleet_adapter_template/fleet_adapter_template) by extensions ['ignore', 'ignore_ament_install']
[0.389s] Level 1:colcon.colcon_core.package_identification:_identify(src/fleet_adapter_template/fleet_adapter_template) by extension 'ignore'
[0.389s] Level 1:colcon.colcon_core.package_identification:_identify(src/fleet_adapter_template/fleet_adapter_template) by extension 'ignore_ament_install'
[0.389s] Level 1:colcon.colcon_core.package_identification:_identify(src/fleet_adapter_template/fleet_adapter_template) by extensions ['colcon_pkg']
[0.389s] Level 1:colcon.colcon_core.package_identification:_identify(src/fleet_adapter_template/fleet_adapter_template) by extension 'colcon_pkg'
[0.389s] Level 1:colcon.colcon_core.package_identification:_identify(src/fleet_adapter_template/fleet_adapter_template) by extensions ['colcon_meta']
[0.389s] Level 1:colcon.colcon_core.package_identification:_identify(src/fleet_adapter_template/fleet_adapter_template) by extension 'colcon_meta'
[0.389s] Level 1:colcon.colcon_core.package_identification:_identify(src/fleet_adapter_template/fleet_adapter_template) by extensions ['ros']
[0.389s] Level 1:colcon.colcon_core.package_identification:_identify(src/fleet_adapter_template/fleet_adapter_template) by extension 'ros'
[0.392s] DEBUG:colcon.colcon_core.package_identification:Package 'src/fleet_adapter_template/fleet_adapter_template' with type 'ros.ament_python' and name 'fleet_adapter_template'
[0.393s] Level 1:colcon.colcon_core.package_identification:_identify(src/fleet_adapter_template/nav_graphs) by extensions ['ignore', 'ignore_ament_install']
[0.393s] Level 1:colcon.colcon_core.package_identification:_identify(src/fleet_adapter_template/nav_graphs) by extension 'ignore'
[0.393s] Level 1:colcon.colcon_core.package_identification:_identify(src/fleet_adapter_template/nav_graphs) by extension 'ignore_ament_install'
[0.393s] Level 1:colcon.colcon_core.package_identification:_identify(src/fleet_adapter_template/nav_graphs) by extensions ['colcon_pkg']
[0.393s] Level 1:colcon.colcon_core.package_identification:_identify(src/fleet_adapter_template/nav_graphs) by extension 'colcon_pkg'
[0.393s] Level 1:colcon.colcon_core.package_identification:_identify(src/fleet_adapter_template/nav_graphs) by extensions ['colcon_meta']
[0.393s] Level 1:colcon.colcon_core.package_identification:_identify(src/fleet_adapter_template/nav_graphs) by extension 'colcon_meta'
[0.393s] Level 1:colcon.colcon_core.package_identification:_identify(src/fleet_adapter_template/nav_graphs) by extensions ['ros']
[0.393s] Level 1:colcon.colcon_core.package_identification:_identify(src/fleet_adapter_template/nav_graphs) by extension 'ros'
[0.393s] Level 1:colcon.colcon_core.package_identification:_identify(src/fleet_adapter_template/nav_graphs) by extensions ['cmake', 'python']
[0.393s] Level 1:colcon.colcon_core.package_identification:_identify(src/fleet_adapter_template/nav_graphs) by extension 'cmake'
[0.393s] Level 1:colcon.colcon_core.package_identification:_identify(src/fleet_adapter_template/nav_graphs) by extension 'python'
[0.394s] Level 1:colcon.colcon_core.package_identification:_identify(src/fleet_adapter_template/nav_graphs) by extensions ['python_setup_py']
[0.394s] Level 1:colcon.colcon_core.package_identification:_identify(src/fleet_adapter_template/nav_graphs) by extension 'python_setup_py'
[0.394s] Level 1:colcon.colcon_core.package_identification:_identify(src/my_rmf_core) by extensions ['ignore', 'ignore_ament_install']
[0.394s] Level 1:colcon.colcon_core.package_identification:_identify(src/my_rmf_core) by extension 'ignore'
[0.394s] Level 1:colcon.colcon_core.package_identification:_identify(src/my_rmf_core) by extension 'ignore_ament_install'
[0.394s] Level 1:colcon.colcon_core.package_identification:_identify(src/my_rmf_core) by extensions ['colcon_pkg']
[0.394s] Level 1:colcon.colcon_core.package_identification:_identify(src/my_rmf_core) by extension 'colcon_pkg'
[0.394s] Level 1:colcon.colcon_core.package_identification:_identify(src/my_rmf_core) by extensions ['colcon_meta']
[0.394s] Level 1:colcon.colcon_core.package_identification:_identify(src/my_rmf_core) by extension 'colcon_meta'
[0.394s] Level 1:colcon.colcon_core.package_identification:_identify(src/my_rmf_core) by extensions ['ros']
[0.394s] Level 1:colcon.colcon_core.package_identification:_identify(src/my_rmf_core) by extension 'ros'
[0.395s] DEBUG:colcon.colcon_core.package_identification:Package 'src/my_rmf_core' with type 'ros.ament_python' and name 'my_rmf_core'
[0.395s] Level 1:colcon.colcon_core.package_identification:_identify(src/rmf-web) by extensions ['ignore', 'ignore_ament_install']
[0.395s] Level 1:colcon.colcon_core.package_identification:_identify(src/rmf-web) by extension 'ignore'
[0.395s] Level 1:colcon.colcon_core.package_identification:_identify(src/rmf-web) ignored
[0.395s] Level 1:colcon.colcon_core.package_discovery:discover_packages(recursive) using defaults
[0.395s] Level 1:colcon.colcon_core.package_discovery:discover_packages(ignore) discover
[0.395s] Level 1:colcon.colcon_core.package_discovery:discover_packages(ignore) using defaults
[0.395s] Level 1:colcon.colcon_core.package_discovery:discover_packages(path) discover
[0.395s] Level 1:colcon.colcon_core.package_discovery:discover_packages(path) using defaults
