[2.620s] Invoking command in '/home/robot1/rmf_ws/src/fleet_adapter_template/fleet_adapter_template': PYTHONPATH=/home/robot1/rmf_ws/build/fleet_adapter_template/prefix_override:/usr/lib/python3/dist-packages/colcon_core/task/python/colcon_distutils_commands:/home/robot1/rmf_ws/install/fleet_adapter_template/lib/python3.10/site-packages:${PYTHONPATH} /usr/bin/python3 -W ignore:setup.py install is deprecated -W ignore:easy_install command is deprecated setup.py egg_info --egg-base ../../../build/fleet_adapter_template build --build-base /home/robot1/rmf_ws/build/fleet_adapter_template/build install --record /home/robot1/rmf_ws/build/fleet_adapter_template/install.log --single-version-externally-managed install_data
[3.420s] running egg_info
[3.422s] writing ../../../build/fleet_adapter_template/fleet_adapter_template.egg-info/PKG-INFO
[3.423s] writing dependency_links to ../../../build/fleet_adapter_template/fleet_adapter_template.egg-info/dependency_links.txt
[3.423s] writing entry points to ../../../build/fleet_adapter_template/fleet_adapter_template.egg-info/entry_points.txt
[3.423s] writing requirements to ../../../build/fleet_adapter_template/fleet_adapter_template.egg-info/requires.txt
[3.424s] writing top-level names to ../../../build/fleet_adapter_template/fleet_adapter_template.egg-info/top_level.txt
[3.441s] reading manifest file '../../../build/fleet_adapter_template/fleet_adapter_template.egg-info/SOURCES.txt'
[3.443s] writing manifest file '../../../build/fleet_adapter_template/fleet_adapter_template.egg-info/SOURCES.txt'
[3.444s] running build
[3.444s] running build_py
[3.446s] running install
[3.448s] running install_lib
[3.451s] running install_data
[3.452s] running install_egg_info
[3.467s] removing '/home/robot1/rmf_ws/install/fleet_adapter_template/lib/python3.10/site-packages/fleet_adapter_template-0.0.0-py3.10.egg-info' (and everything under it)
[3.468s] Copying ../../../build/fleet_adapter_template/fleet_adapter_template.egg-info to /home/robot1/rmf_ws/install/fleet_adapter_template/lib/python3.10/site-packages/fleet_adapter_template-0.0.0-py3.10.egg-info
[3.474s] running install_scripts
[3.589s] Installing fleet_adapter script to /home/robot1/rmf_ws/install/fleet_adapter_template/lib/fleet_adapter_template
[3.591s] writing list of installed files to '/home/robot1/rmf_ws/build/fleet_adapter_template/install.log'
[3.682s] Invoked command in '/home/robot1/rmf_ws/src/fleet_adapter_template/fleet_adapter_template' returned '0': PYTHONPATH=/home/robot1/rmf_ws/build/fleet_adapter_template/prefix_override:/usr/lib/python3/dist-packages/colcon_core/task/python/colcon_distutils_commands:/home/robot1/rmf_ws/install/fleet_adapter_template/lib/python3.10/site-packages:${PYTHONPATH} /usr/bin/python3 -W ignore:setup.py install is deprecated -W ignore:easy_install command is deprecated setup.py egg_info --egg-base ../../../build/fleet_adapter_template build --build-base /home/robot1/rmf_ws/build/fleet_adapter_template/build install --record /home/robot1/rmf_ws/build/fleet_adapter_template/install.log --single-version-externally-managed install_data
