[2.267s] Invoking command in '/home/ros2/rmf_ws/src/rmf_demos/rmf_demos_tasks': PYTHONPATH=/home/ros2/rmf_ws/build/rmf_demos_tasks/prefix_override:/usr/lib/python3/dist-packages/colcon_core/task/python/colcon_distutils_commands:/home/ros2/rmf_ws/install/rmf_demos_tasks/lib/python3.10/site-packages:${PYTHONPATH} ROS_DOMAIN_ID=226 /usr/bin/python3 -W ignore:setup.py install is deprecated -W ignore:easy_install command is deprecated setup.py egg_info --egg-base ../../../build/rmf_demos_tasks build --build-base /home/ros2/rmf_ws/build/rmf_demos_tasks/build install --record /home/ros2/rmf_ws/build/rmf_demos_tasks/install.log --single-version-externally-managed install_data
[3.275s] /home/ros2/.local/lib/python3.10/site-packages/setuptools/_distutils/dist.py:289: UserWarning: Unknown distribution option: 'tests_require'
[3.275s]   warnings.warn(msg)
[3.988s] running egg_info
[4.101s] creating ../../../build/rmf_demos_tasks/rmf_demos_tasks.egg-info
[4.101s] writing ../../../build/rmf_demos_tasks/rmf_demos_tasks.egg-info/PKG-INFO
[4.102s] writing dependency_links to ../../../build/rmf_demos_tasks/rmf_demos_tasks.egg-info/dependency_links.txt
[4.102s] writing entry points to ../../../build/rmf_demos_tasks/rmf_demos_tasks.egg-info/entry_points.txt
[4.107s] writing requirements to ../../../build/rmf_demos_tasks/rmf_demos_tasks.egg-info/requires.txt
[4.108s] writing top-level names to ../../../build/rmf_demos_tasks/rmf_demos_tasks.egg-info/top_level.txt
[4.108s] writing manifest file '../../../build/rmf_demos_tasks/rmf_demos_tasks.egg-info/SOURCES.txt'
[4.337s] reading manifest file '../../../build/rmf_demos_tasks/rmf_demos_tasks.egg-info/SOURCES.txt'
[4.338s] writing manifest file '../../../build/rmf_demos_tasks/rmf_demos_tasks.egg-info/SOURCES.txt'
[4.342s] running build
[4.342s] running build_py
[4.342s] creating /home/ros2/rmf_ws/build/rmf_demos_tasks/build/lib/rmf_demos_tasks
[4.343s] copying rmf_demos_tasks/dispatch_loop.py -> /home/ros2/rmf_ws/build/rmf_demos_tasks/build/lib/rmf_demos_tasks
[4.343s] copying rmf_demos_tasks/cancel_task.py -> /home/ros2/rmf_ws/build/rmf_demos_tasks/build/lib/rmf_demos_tasks
[4.344s] copying rmf_demos_tasks/dispatch_clean.py -> /home/ros2/rmf_ws/build/rmf_demos_tasks/build/lib/rmf_demos_tasks
[4.344s] copying rmf_demos_tasks/teleop_robot.py -> /home/ros2/rmf_ws/build/rmf_demos_tasks/build/lib/rmf_demos_tasks
[4.346s] copying rmf_demos_tasks/request_lift.py -> /home/ros2/rmf_ws/build/rmf_demos_tasks/build/lib/rmf_demos_tasks
[4.350s] copying rmf_demos_tasks/dispatch_patrol.py -> /home/ros2/rmf_ws/build/rmf_demos_tasks/build/lib/rmf_demos_tasks
[4.350s] copying rmf_demos_tasks/dispatch_delivery.py -> /home/ros2/rmf_ws/build/rmf_demos_tasks/build/lib/rmf_demos_tasks
[4.350s] copying rmf_demos_tasks/dispatch_go_to_place.py -> /home/ros2/rmf_ws/build/rmf_demos_tasks/build/lib/rmf_demos_tasks
[4.351s] copying rmf_demos_tasks/mock_docker.py -> /home/ros2/rmf_ws/build/rmf_demos_tasks/build/lib/rmf_demos_tasks
[4.352s] copying rmf_demos_tasks/request_loop.py -> /home/ros2/rmf_ws/build/rmf_demos_tasks/build/lib/rmf_demos_tasks
[4.352s] copying rmf_demos_tasks/dispatch_teleop.py -> /home/ros2/rmf_ws/build/rmf_demos_tasks/build/lib/rmf_demos_tasks
[4.352s] copying rmf_demos_tasks/__init__.py -> /home/ros2/rmf_ws/build/rmf_demos_tasks/build/lib/rmf_demos_tasks
[4.358s] copying rmf_demos_tasks/dispatch_action.py -> /home/ros2/rmf_ws/build/rmf_demos_tasks/build/lib/rmf_demos_tasks
[4.358s] running install
[4.383s] running install_lib
[4.490s] creating /home/ros2/rmf_ws/install/rmf_demos_tasks/lib/python3.10/site-packages/rmf_demos_tasks
[4.490s] copying /home/ros2/rmf_ws/build/rmf_demos_tasks/build/lib/rmf_demos_tasks/dispatch_loop.py -> /home/ros2/rmf_ws/install/rmf_demos_tasks/lib/python3.10/site-packages/rmf_demos_tasks
[4.490s] copying /home/ros2/rmf_ws/build/rmf_demos_tasks/build/lib/rmf_demos_tasks/cancel_task.py -> /home/ros2/rmf_ws/install/rmf_demos_tasks/lib/python3.10/site-packages/rmf_demos_tasks
[4.490s] copying /home/ros2/rmf_ws/build/rmf_demos_tasks/build/lib/rmf_demos_tasks/dispatch_clean.py -> /home/ros2/rmf_ws/install/rmf_demos_tasks/lib/python3.10/site-packages/rmf_demos_tasks
[4.491s] copying /home/ros2/rmf_ws/build/rmf_demos_tasks/build/lib/rmf_demos_tasks/teleop_robot.py -> /home/ros2/rmf_ws/install/rmf_demos_tasks/lib/python3.10/site-packages/rmf_demos_tasks
[4.491s] copying /home/ros2/rmf_ws/build/rmf_demos_tasks/build/lib/rmf_demos_tasks/request_lift.py -> /home/ros2/rmf_ws/install/rmf_demos_tasks/lib/python3.10/site-packages/rmf_demos_tasks
[4.495s] copying /home/ros2/rmf_ws/build/rmf_demos_tasks/build/lib/rmf_demos_tasks/dispatch_patrol.py -> /home/ros2/rmf_ws/install/rmf_demos_tasks/lib/python3.10/site-packages/rmf_demos_tasks
[4.498s] copying /home/ros2/rmf_ws/build/rmf_demos_tasks/build/lib/rmf_demos_tasks/dispatch_delivery.py -> /home/ros2/rmf_ws/install/rmf_demos_tasks/lib/python3.10/site-packages/rmf_demos_tasks
[4.498s] copying /home/ros2/rmf_ws/build/rmf_demos_tasks/build/lib/rmf_demos_tasks/dispatch_go_to_place.py -> /home/ros2/rmf_ws/install/rmf_demos_tasks/lib/python3.10/site-packages/rmf_demos_tasks
[4.498s] copying /home/ros2/rmf_ws/build/rmf_demos_tasks/build/lib/rmf_demos_tasks/mock_docker.py -> /home/ros2/rmf_ws/install/rmf_demos_tasks/lib/python3.10/site-packages/rmf_demos_tasks
[4.498s] copying /home/ros2/rmf_ws/build/rmf_demos_tasks/build/lib/rmf_demos_tasks/request_loop.py -> /home/ros2/rmf_ws/install/rmf_demos_tasks/lib/python3.10/site-packages/rmf_demos_tasks
[4.498s] copying /home/ros2/rmf_ws/build/rmf_demos_tasks/build/lib/rmf_demos_tasks/dispatch_teleop.py -> /home/ros2/rmf_ws/install/rmf_demos_tasks/lib/python3.10/site-packages/rmf_demos_tasks
[4.499s] copying /home/ros2/rmf_ws/build/rmf_demos_tasks/build/lib/rmf_demos_tasks/__init__.py -> /home/ros2/rmf_ws/install/rmf_demos_tasks/lib/python3.10/site-packages/rmf_demos_tasks
[4.499s] copying /home/ros2/rmf_ws/build/rmf_demos_tasks/build/lib/rmf_demos_tasks/dispatch_action.py -> /home/ros2/rmf_ws/install/rmf_demos_tasks/lib/python3.10/site-packages/rmf_demos_tasks
[4.505s] byte-compiling /home/ros2/rmf_ws/install/rmf_demos_tasks/lib/python3.10/site-packages/rmf_demos_tasks/dispatch_loop.py to dispatch_loop.cpython-310.pyc
[4.505s] byte-compiling /home/ros2/rmf_ws/install/rmf_demos_tasks/lib/python3.10/site-packages/rmf_demos_tasks/cancel_task.py to cancel_task.cpython-310.pyc
[4.507s] byte-compiling /home/ros2/rmf_ws/install/rmf_demos_tasks/lib/python3.10/site-packages/rmf_demos_tasks/dispatch_clean.py to dispatch_clean.cpython-310.pyc
[4.511s] byte-compiling /home/ros2/rmf_ws/install/rmf_demos_tasks/lib/python3.10/site-packages/rmf_demos_tasks/teleop_robot.py to teleop_robot.cpython-310.pyc
[4.512s] byte-compiling /home/ros2/rmf_ws/install/rmf_demos_tasks/lib/python3.10/site-packages/rmf_demos_tasks/request_lift.py to request_lift.cpython-310.pyc
[4.517s] byte-compiling /home/ros2/rmf_ws/install/rmf_demos_tasks/lib/python3.10/site-packages/rmf_demos_tasks/dispatch_patrol.py to dispatch_patrol.cpython-310.pyc
[4.519s] byte-compiling /home/ros2/rmf_ws/install/rmf_demos_tasks/lib/python3.10/site-packages/rmf_demos_tasks/dispatch_delivery.py to dispatch_delivery.cpython-310.pyc
[4.529s] byte-compiling /home/ros2/rmf_ws/install/rmf_demos_tasks/lib/python3.10/site-packages/rmf_demos_tasks/dispatch_go_to_place.py to dispatch_go_to_place.cpython-310.pyc
[4.532s] byte-compiling /home/ros2/rmf_ws/install/rmf_demos_tasks/lib/python3.10/site-packages/rmf_demos_tasks/mock_docker.py to mock_docker.cpython-310.pyc
[4.534s] byte-compiling /home/ros2/rmf_ws/install/rmf_demos_tasks/lib/python3.10/site-packages/rmf_demos_tasks/request_loop.py to request_loop.cpython-310.pyc
[4.536s] byte-compiling /home/ros2/rmf_ws/install/rmf_demos_tasks/lib/python3.10/site-packages/rmf_demos_tasks/dispatch_teleop.py to dispatch_teleop.cpython-310.pyc
[4.540s] byte-compiling /home/ros2/rmf_ws/install/rmf_demos_tasks/lib/python3.10/site-packages/rmf_demos_tasks/__init__.py to __init__.cpython-310.pyc
[4.541s] byte-compiling /home/ros2/rmf_ws/install/rmf_demos_tasks/lib/python3.10/site-packages/rmf_demos_tasks/dispatch_action.py to dispatch_action.cpython-310.pyc
[4.546s] running install_data
[4.546s] creating /home/ros2/rmf_ws/install/rmf_demos_tasks/share/ament_index/resource_index/packages
[4.547s] copying resource/rmf_demos_tasks -> /home/ros2/rmf_ws/install/rmf_demos_tasks/share/ament_index/resource_index/packages
[4.547s] copying package.xml -> /home/ros2/rmf_ws/install/rmf_demos_tasks/share/rmf_demos_tasks
[4.548s] copying rmf_demos_tasks/airport_docker_config.yaml -> /home/ros2/rmf_ws/install/rmf_demos_tasks/share/rmf_demos_tasks
[4.548s] copying rmf_demos_tasks/hotel_cleaner_config.yaml -> /home/ros2/rmf_ws/install/rmf_demos_tasks/share/rmf_demos_tasks
[4.548s] running install_egg_info
[4.665s] Copying ../../../build/rmf_demos_tasks/rmf_demos_tasks.egg-info to /home/ros2/rmf_ws/install/rmf_demos_tasks/lib/python3.10/site-packages/rmf_demos_tasks-2.0.3-py3.10.egg-info
[4.672s] running install_scripts
[4.894s] Installing cancel_task script to /home/ros2/rmf_ws/install/rmf_demos_tasks/lib/rmf_demos_tasks
[4.901s] Installing dispatch_action script to /home/ros2/rmf_ws/install/rmf_demos_tasks/lib/rmf_demos_tasks
[4.910s] Installing dispatch_clean script to /home/ros2/rmf_ws/install/rmf_demos_tasks/lib/rmf_demos_tasks
[4.910s] Installing dispatch_delivery script to /home/ros2/rmf_ws/install/rmf_demos_tasks/lib/rmf_demos_tasks
[4.910s] Installing dispatch_go_to_place script to /home/ros2/rmf_ws/install/rmf_demos_tasks/lib/rmf_demos_tasks
[4.911s] Installing dispatch_loop script to /home/ros2/rmf_ws/install/rmf_demos_tasks/lib/rmf_demos_tasks
[4.911s] Installing dispatch_patrol script to /home/ros2/rmf_ws/install/rmf_demos_tasks/lib/rmf_demos_tasks
[4.953s] Installing mock_docker script to /home/ros2/rmf_ws/install/rmf_demos_tasks/lib/rmf_demos_tasks
[4.961s] Installing request_lift script to /home/ros2/rmf_ws/install/rmf_demos_tasks/lib/rmf_demos_tasks
[4.977s] Installing request_loop script to /home/ros2/rmf_ws/install/rmf_demos_tasks/lib/rmf_demos_tasks
[4.977s] Installing teleop_robot script to /home/ros2/rmf_ws/install/rmf_demos_tasks/lib/rmf_demos_tasks
[5.003s] writing list of installed files to '/home/ros2/rmf_ws/build/rmf_demos_tasks/install.log'
[5.128s] Invoked command in '/home/ros2/rmf_ws/src/rmf_demos/rmf_demos_tasks' returned '0': PYTHONPATH=/home/ros2/rmf_ws/build/rmf_demos_tasks/prefix_override:/usr/lib/python3/dist-packages/colcon_core/task/python/colcon_distutils_commands:/home/ros2/rmf_ws/install/rmf_demos_tasks/lib/python3.10/site-packages:${PYTHONPATH} ROS_DOMAIN_ID=226 /usr/bin/python3 -W ignore:setup.py install is deprecated -W ignore:easy_install command is deprecated setup.py egg_info --egg-base ../../../build/rmf_demos_tasks build --build-base /home/ros2/rmf_ws/build/rmf_demos_tasks/build install --record /home/ros2/rmf_ws/build/rmf_demos_tasks/install.log --single-version-externally-managed install_data
