[2.024s] Invoking command in '/home/robot1/rmf_ws/src/fleet_adapter_template/fleet_adapter_template': PYTHONPATH=/home/robot1/rmf_ws/build/fleet_adapter_template/prefix_override:/usr/lib/python3/dist-packages/colcon_core/task/python/colcon_distutils_commands:/home/robot1/rmf_ws/install/fleet_adapter_template/lib/python3.10/site-packages:${PYTHONPATH} /usr/bin/python3 -W ignore:setup.py install is deprecated -W ignore:easy_install command is deprecated setup.py egg_info --egg-base ../../../build/fleet_adapter_template build --build-base /home/robot1/rmf_ws/build/fleet_adapter_template/build install --record /home/robot1/rmf_ws/build/fleet_adapter_template/install.log --single-version-externally-managed install_data
[2.620s] running egg_info
[2.621s] writing ../../../build/fleet_adapter_template/fleet_adapter_template.egg-info/PKG-INFO
[2.623s] writing dependency_links to ../../../build/fleet_adapter_template/fleet_adapter_template.egg-info/dependency_links.txt
[2.623s] writing entry points to ../../../build/fleet_adapter_template/fleet_adapter_template.egg-info/entry_points.txt
[2.623s] writing requirements to ../../../build/fleet_adapter_template/fleet_adapter_template.egg-info/requires.txt
[2.623s] writing top-level names to ../../../build/fleet_adapter_template/fleet_adapter_template.egg-info/top_level.txt
[2.635s] reading manifest file '../../../build/fleet_adapter_template/fleet_adapter_template.egg-info/SOURCES.txt'
[2.637s] writing manifest file '../../../build/fleet_adapter_template/fleet_adapter_template.egg-info/SOURCES.txt'
[2.637s] running build
[2.637s] running build_py
[2.639s] running install
[2.643s] running install_lib
[2.644s] running install_data
[2.644s] running install_egg_info
[2.647s] removing '/home/robot1/rmf_ws/install/fleet_adapter_template/lib/python3.10/site-packages/fleet_adapter_template-0.0.0-py3.10.egg-info' (and everything under it)
[2.647s] Copying ../../../build/fleet_adapter_template/fleet_adapter_template.egg-info to /home/robot1/rmf_ws/install/fleet_adapter_template/lib/python3.10/site-packages/fleet_adapter_template-0.0.0-py3.10.egg-info
[2.651s] running install_scripts
[2.684s] Installing fleet_adapter script to /home/robot1/rmf_ws/install/fleet_adapter_template/lib/fleet_adapter_template
[2.685s] writing list of installed files to '/home/robot1/rmf_ws/build/fleet_adapter_template/install.log'
[2.749s] Invoked command in '/home/robot1/rmf_ws/src/fleet_adapter_template/fleet_adapter_template' returned '0': PYTHONPATH=/home/robot1/rmf_ws/build/fleet_adapter_template/prefix_override:/usr/lib/python3/dist-packages/colcon_core/task/python/colcon_distutils_commands:/home/robot1/rmf_ws/install/fleet_adapter_template/lib/python3.10/site-packages:${PYTHONPATH} /usr/bin/python3 -W ignore:setup.py install is deprecated -W ignore:easy_install command is deprecated setup.py egg_info --egg-base ../../../build/fleet_adapter_template build --build-base /home/robot1/rmf_ws/build/fleet_adapter_template/build install --record /home/robot1/rmf_ws/build/fleet_adapter_template/install.log --single-version-externally-managed install_data
