[2.258s] Invoking command in '/home/robot1/rmf_ws/build/fleet_adapter_template': PYTHONPATH=/home/robot1/rmf_ws/build/fleet_adapter_template/prefix_override:/usr/lib/python3/dist-packages/colcon_core/task/python/colcon_distutils_commands:/home/robot1/rmf_ws/install/fleet_adapter_template/lib/python3.10/site-packages:${PYTHONPATH} /usr/bin/python3 -W ignore:setup.py install is deprecated -W ignore:easy_install command is deprecated setup.py develop --editable --build-directory /home/robot1/rmf_ws/build/fleet_adapter_template/build --no-deps symlink_data --force
[3.364s] running develop
[4.358s] running egg_info
[4.361s] writing fleet_adapter_template.egg-info/PKG-INFO
[4.363s] writing dependency_links to fleet_adapter_template.egg-info/dependency_links.txt
[4.363s] writing entry points to fleet_adapter_template.egg-info/entry_points.txt
[4.364s] writing requirements to fleet_adapter_template.egg-info/requires.txt
[4.366s] writing top-level names to fleet_adapter_template.egg-info/top_level.txt
[4.375s] reading manifest file 'fleet_adapter_template.egg-info/SOURCES.txt'
[4.375s] writing manifest file 'fleet_adapter_template.egg-info/SOURCES.txt'
[4.376s] running build_ext
[4.376s] Creating /home/robot1/rmf_ws/install/fleet_adapter_template/lib/python3.10/site-packages/fleet-adapter-template.egg-link (link to .)
[4.377s] Installing fleet_adapter script to /home/robot1/rmf_ws/install/fleet_adapter_template/lib/fleet_adapter_template
[4.378s] 
[4.379s] Installed /home/robot1/rmf_ws/build/fleet_adapter_template
[4.379s] running symlink_data
[4.379s] symbolically linking /home/robot1/rmf_ws/build/fleet_adapter_template/resource/fleet_adapter_template -> /home/robot1/rmf_ws/install/fleet_adapter_template/share/ament_index/resource_index/packages
[4.379s] symbolically linking /home/robot1/rmf_ws/build/fleet_adapter_template/package.xml -> /home/robot1/rmf_ws/install/fleet_adapter_template/share/fleet_adapter_template
[4.381s] symbolically linking /home/robot1/rmf_ws/build/fleet_adapter_template/config.yaml -> /home/robot1/rmf_ws/install/fleet_adapter_template/share/fleet_adapter_template
[4.441s] Invoked command in '/home/robot1/rmf_ws/build/fleet_adapter_template' returned '0': PYTHONPATH=/home/robot1/rmf_ws/build/fleet_adapter_template/prefix_override:/usr/lib/python3/dist-packages/colcon_core/task/python/colcon_distutils_commands:/home/robot1/rmf_ws/install/fleet_adapter_template/lib/python3.10/site-packages:${PYTHONPATH} /usr/bin/python3 -W ignore:setup.py install is deprecated -W ignore:easy_install command is deprecated setup.py develop --editable --build-directory /home/robot1/rmf_ws/build/fleet_adapter_template/build --no-deps symlink_data --force
