/home/ros2/rmf_ws/install/fleet_adapter_template/lib/python3.10/site-packages/fleet_adapter_template/RobotCommandHandle.py
/home/ros2/rmf_ws/install/fleet_adapter_template/lib/python3.10/site-packages/fleet_adapter_template/fleet_adapter.py
/home/ros2/rmf_ws/install/fleet_adapter_template/lib/python3.10/site-packages/fleet_adapter_template/fleet_manager.py
/home/ros2/rmf_ws/install/fleet_adapter_template/lib/python3.10/site-packages/fleet_adapter_template/RobotClientAPI.py
/home/ros2/rmf_ws/install/fleet_adapter_template/lib/python3.10/site-packages/fleet_adapter_template/__init__.py
/home/ros2/rmf_ws/install/fleet_adapter_template/lib/python3.10/site-packages/fleet_adapter_template/__pycache__/RobotCommandHandle.cpython-310.pyc
/home/ros2/rmf_ws/install/fleet_adapter_template/lib/python3.10/site-packages/fleet_adapter_template/__pycache__/fleet_adapter.cpython-310.pyc
/home/ros2/rmf_ws/install/fleet_adapter_template/lib/python3.10/site-packages/fleet_adapter_template/__pycache__/fleet_manager.cpython-310.pyc
/home/ros2/rmf_ws/install/fleet_adapter_template/lib/python3.10/site-packages/fleet_adapter_template/__pycache__/RobotClientAPI.cpython-310.pyc
/home/ros2/rmf_ws/install/fleet_adapter_template/lib/python3.10/site-packages/fleet_adapter_template/__pycache__/__init__.cpython-310.pyc
/home/ros2/rmf_ws/install/fleet_adapter_template/share/ament_index/resource_index/packages/fleet_adapter_template
/home/ros2/rmf_ws/install/fleet_adapter_template/share/fleet_adapter_template/package.xml
/home/ros2/rmf_ws/install/fleet_adapter_template/share/fleet_adapter_template/config.yaml
/home/ros2/rmf_ws/install/fleet_adapter_template/lib/python3.10/site-packages/fleet_adapter_template-0.0.0-py3.10.egg-info/requires.txt
/home/ros2/rmf_ws/install/fleet_adapter_template/lib/python3.10/site-packages/fleet_adapter_template-0.0.0-py3.10.egg-info/zip-safe
/home/ros2/rmf_ws/install/fleet_adapter_template/lib/python3.10/site-packages/fleet_adapter_template-0.0.0-py3.10.egg-info/SOURCES.txt
/home/ros2/rmf_ws/install/fleet_adapter_template/lib/python3.10/site-packages/fleet_adapter_template-0.0.0-py3.10.egg-info/entry_points.txt
/home/ros2/rmf_ws/install/fleet_adapter_template/lib/python3.10/site-packages/fleet_adapter_template-0.0.0-py3.10.egg-info/PKG-INFO
/home/ros2/rmf_ws/install/fleet_adapter_template/lib/python3.10/site-packages/fleet_adapter_template-0.0.0-py3.10.egg-info/top_level.txt
/home/ros2/rmf_ws/install/fleet_adapter_template/lib/python3.10/site-packages/fleet_adapter_template-0.0.0-py3.10.egg-info/dependency_links.txt
/home/ros2/rmf_ws/install/fleet_adapter_template/lib/fleet_adapter_template/fleet_adapter
