running develop
Removing /home/robot1/rmf_ws/install/fleet_adapter_template/lib/python3.10/site-packages/fleet-adapter-template.egg-link (link to .)
running egg_info
writing ../../../build/fleet_adapter_template/fleet_adapter_template.egg-info/PKG-INFO
writing dependency_links to ../../../build/fleet_adapter_template/fleet_adapter_template.egg-info/dependency_links.txt
writing entry points to ../../../build/fleet_adapter_template/fleet_adapter_template.egg-info/entry_points.txt
writing requirements to ../../../build/fleet_adapter_template/fleet_adapter_template.egg-info/requires.txt
writing top-level names to ../../../build/fleet_adapter_template/fleet_adapter_template.egg-info/top_level.txt
reading manifest file '../../../build/fleet_adapter_template/fleet_adapter_template.egg-info/SOURCES.txt'
writing manifest file '../../../build/fleet_adapter_template/fleet_adapter_template.egg-info/SOURCES.txt'
running build
running build_py
copying fleet_adapter_template/RobotCommandHandle.py -> /home/robot1/rmf_ws/build/fleet_adapter_template/build/lib/fleet_adapter_template
copying fleet_adapter_template/fleet_manager.py -> /home/robot1/rmf_ws/build/fleet_adapter_template/build/lib/fleet_adapter_template
copying fleet_adapter_template/fleet_adapter.py -> /home/robot1/rmf_ws/build/fleet_adapter_template/build/lib/fleet_adapter_template
copying fleet_adapter_template/RobotClientAPI.py -> /home/robot1/rmf_ws/build/fleet_adapter_template/build/lib/fleet_adapter_template
running install
running install_lib
creating /home/robot1/rmf_ws/install/fleet_adapter_template/lib/python3.10/site-packages/fleet_adapter_template
copying /home/robot1/rmf_ws/build/fleet_adapter_template/build/lib/fleet_adapter_template/RobotCommandHandler.py -> /home/robot1/rmf_ws/install/fleet_adapter_template/lib/python3.10/site-packages/fleet_adapter_template
copying /home/robot1/rmf_ws/build/fleet_adapter_template/build/lib/fleet_adapter_template/RobotCommandHandle.py -> /home/robot1/rmf_ws/install/fleet_adapter_template/lib/python3.10/site-packages/fleet_adapter_template
copying /home/robot1/rmf_ws/build/fleet_adapter_template/build/lib/fleet_adapter_template/fleet_manager.py -> /home/robot1/rmf_ws/install/fleet_adapter_template/lib/python3.10/site-packages/fleet_adapter_template
copying /home/robot1/rmf_ws/build/fleet_adapter_template/build/lib/fleet_adapter_template/fleet_adapter.py -> /home/robot1/rmf_ws/install/fleet_adapter_template/lib/python3.10/site-packages/fleet_adapter_template
copying /home/robot1/rmf_ws/build/fleet_adapter_template/build/lib/fleet_adapter_template/RobotClientAPI.py -> /home/robot1/rmf_ws/install/fleet_adapter_template/lib/python3.10/site-packages/fleet_adapter_template
copying /home/robot1/rmf_ws/build/fleet_adapter_template/build/lib/fleet_adapter_template/__init__.py -> /home/robot1/rmf_ws/install/fleet_adapter_template/lib/python3.10/site-packages/fleet_adapter_template
byte-compiling /home/robot1/rmf_ws/install/fleet_adapter_template/lib/python3.10/site-packages/fleet_adapter_template/RobotCommandHandler.py to RobotCommandHandler.cpython-310.pyc
byte-compiling /home/robot1/rmf_ws/install/fleet_adapter_template/lib/python3.10/site-packages/fleet_adapter_template/RobotCommandHandle.py to RobotCommandHandle.cpython-310.pyc
byte-compiling /home/robot1/rmf_ws/install/fleet_adapter_template/lib/python3.10/site-packages/fleet_adapter_template/fleet_manager.py to fleet_manager.cpython-310.pyc
byte-compiling /home/robot1/rmf_ws/install/fleet_adapter_template/lib/python3.10/site-packages/fleet_adapter_template/fleet_adapter.py to fleet_adapter.cpython-310.pyc
byte-compiling /home/robot1/rmf_ws/install/fleet_adapter_template/lib/python3.10/site-packages/fleet_adapter_template/RobotClientAPI.py to RobotClientAPI.cpython-310.pyc
byte-compiling /home/robot1/rmf_ws/install/fleet_adapter_template/lib/python3.10/site-packages/fleet_adapter_template/__init__.py to __init__.cpython-310.pyc
running install_data
copying resource/fleet_adapter_template -> /home/robot1/rmf_ws/install/fleet_adapter_template/share/ament_index/resource_index/packages
copying package.xml -> /home/robot1/rmf_ws/install/fleet_adapter_template/share/fleet_adapter_template
copying config.yaml -> /home/robot1/rmf_ws/install/fleet_adapter_template/share/fleet_adapter_template
running install_egg_info
Copying ../../../build/fleet_adapter_template/fleet_adapter_template.egg-info to /home/robot1/rmf_ws/install/fleet_adapter_template/lib/python3.10/site-packages/fleet_adapter_template-0.0.0-py3.10.egg-info
running install_scripts
Installing fleet_adapter script to /home/robot1/rmf_ws/install/fleet_adapter_template/lib/fleet_adapter_template
writing list of installed files to '/home/robot1/rmf_ws/build/fleet_adapter_template/install.log'
