[3.427s] Invoking command in '/home/robot1/rmf_ws/build/fleet_adapter_template': PYTHONPATH=/home/robot1/rmf_ws/build/fleet_adapter_template/prefix_override:/usr/lib/python3/dist-packages/colcon_core/task/python/colcon_distutils_commands:/home/robot1/rmf_ws/install/fleet_adapter_template/lib/python3.10/site-packages:${PYTHONPATH} /usr/bin/python3 -W ignore:setup.py install is deprecated -W ignore:easy_install command is deprecated setup.py develop --uninstall --editable --build-directory /home/robot1/rmf_ws/build/fleet_adapter_template/build
[4.957s] running develop
[5.874s] Removing /home/robot1/rmf_ws/install/fleet_adapter_template/lib/python3.10/site-packages/fleet-adapter-template.egg-link (link to .)
[5.996s] Invoked command in '/home/robot1/rmf_ws/build/fleet_adapter_template' returned '0': PYTHONPATH=/home/robot1/rmf_ws/build/fleet_adapter_template/prefix_override:/usr/lib/python3/dist-packages/colcon_core/task/python/colcon_distutils_commands:/home/robot1/rmf_ws/install/fleet_adapter_template/lib/python3.10/site-packages:${PYTHONPATH} /usr/bin/python3 -W ignore:setup.py install is deprecated -W ignore:easy_install command is deprecated setup.py develop --uninstall --editable --build-directory /home/robot1/rmf_ws/build/fleet_adapter_template/build
[6.004s] Invoking command in '/home/robot1/rmf_ws/src/fleet_adapter_template/fleet_adapter_template': PYTHONPATH=/home/robot1/rmf_ws/build/fleet_adapter_template/prefix_override:/usr/lib/python3/dist-packages/colcon_core/task/python/colcon_distutils_commands:/home/robot1/rmf_ws/install/fleet_adapter_template/lib/python3.10/site-packages:${PYTHONPATH} /usr/bin/python3 -W ignore:setup.py install is deprecated -W ignore:easy_install command is deprecated setup.py egg_info --egg-base ../../../build/fleet_adapter_template build --build-base /home/robot1/rmf_ws/build/fleet_adapter_template/build install --record /home/robot1/rmf_ws/build/fleet_adapter_template/install.log --single-version-externally-managed install_data --force
[6.792s] running egg_info
[6.794s] writing ../../../build/fleet_adapter_template/fleet_adapter_template.egg-info/PKG-INFO
[6.794s] writing dependency_links to ../../../build/fleet_adapter_template/fleet_adapter_template.egg-info/dependency_links.txt
[6.794s] writing entry points to ../../../build/fleet_adapter_template/fleet_adapter_template.egg-info/entry_points.txt
[6.794s] writing requirements to ../../../build/fleet_adapter_template/fleet_adapter_template.egg-info/requires.txt
[6.794s] writing top-level names to ../../../build/fleet_adapter_template/fleet_adapter_template.egg-info/top_level.txt
[6.858s] reading manifest file '../../../build/fleet_adapter_template/fleet_adapter_template.egg-info/SOURCES.txt'
[6.862s] writing manifest file '../../../build/fleet_adapter_template/fleet_adapter_template.egg-info/SOURCES.txt'
[6.862s] running build
[6.862s] running build_py
[6.863s] copying fleet_adapter_template/RobotCommandHandle.py -> /home/robot1/rmf_ws/build/fleet_adapter_template/build/lib/fleet_adapter_template
[6.863s] copying fleet_adapter_template/fleet_manager.py -> /home/robot1/rmf_ws/build/fleet_adapter_template/build/lib/fleet_adapter_template
[6.864s] copying fleet_adapter_template/fleet_adapter.py -> /home/robot1/rmf_ws/build/fleet_adapter_template/build/lib/fleet_adapter_template
[6.864s] copying fleet_adapter_template/RobotClientAPI.py -> /home/robot1/rmf_ws/build/fleet_adapter_template/build/lib/fleet_adapter_template
[6.865s] running install
[6.866s] running install_lib
[6.867s] creating /home/robot1/rmf_ws/install/fleet_adapter_template/lib/python3.10/site-packages/fleet_adapter_template
[6.868s] copying /home/robot1/rmf_ws/build/fleet_adapter_template/build/lib/fleet_adapter_template/RobotCommandHandler.py -> /home/robot1/rmf_ws/install/fleet_adapter_template/lib/python3.10/site-packages/fleet_adapter_template
[6.869s] copying /home/robot1/rmf_ws/build/fleet_adapter_template/build/lib/fleet_adapter_template/RobotCommandHandle.py -> /home/robot1/rmf_ws/install/fleet_adapter_template/lib/python3.10/site-packages/fleet_adapter_template
[6.870s] copying /home/robot1/rmf_ws/build/fleet_adapter_template/build/lib/fleet_adapter_template/fleet_manager.py -> /home/robot1/rmf_ws/install/fleet_adapter_template/lib/python3.10/site-packages/fleet_adapter_template
[6.870s] copying /home/robot1/rmf_ws/build/fleet_adapter_template/build/lib/fleet_adapter_template/fleet_adapter.py -> /home/robot1/rmf_ws/install/fleet_adapter_template/lib/python3.10/site-packages/fleet_adapter_template
[6.872s] copying /home/robot1/rmf_ws/build/fleet_adapter_template/build/lib/fleet_adapter_template/RobotClientAPI.py -> /home/robot1/rmf_ws/install/fleet_adapter_template/lib/python3.10/site-packages/fleet_adapter_template
[6.873s] copying /home/robot1/rmf_ws/build/fleet_adapter_template/build/lib/fleet_adapter_template/__init__.py -> /home/robot1/rmf_ws/install/fleet_adapter_template/lib/python3.10/site-packages/fleet_adapter_template
[6.874s] byte-compiling /home/robot1/rmf_ws/install/fleet_adapter_template/lib/python3.10/site-packages/fleet_adapter_template/RobotCommandHandler.py to RobotCommandHandler.cpython-310.pyc
[6.880s] byte-compiling /home/robot1/rmf_ws/install/fleet_adapter_template/lib/python3.10/site-packages/fleet_adapter_template/RobotCommandHandle.py to RobotCommandHandle.cpython-310.pyc
[6.893s] byte-compiling /home/robot1/rmf_ws/install/fleet_adapter_template/lib/python3.10/site-packages/fleet_adapter_template/fleet_manager.py to fleet_manager.cpython-310.pyc
[6.901s] byte-compiling /home/robot1/rmf_ws/install/fleet_adapter_template/lib/python3.10/site-packages/fleet_adapter_template/fleet_adapter.py to fleet_adapter.cpython-310.pyc
[6.906s] byte-compiling /home/robot1/rmf_ws/install/fleet_adapter_template/lib/python3.10/site-packages/fleet_adapter_template/RobotClientAPI.py to RobotClientAPI.cpython-310.pyc
[6.908s] byte-compiling /home/robot1/rmf_ws/install/fleet_adapter_template/lib/python3.10/site-packages/fleet_adapter_template/__init__.py to __init__.cpython-310.pyc
[6.909s] running install_data
[6.909s] copying resource/fleet_adapter_template -> /home/robot1/rmf_ws/install/fleet_adapter_template/share/ament_index/resource_index/packages
[6.909s] copying package.xml -> /home/robot1/rmf_ws/install/fleet_adapter_template/share/fleet_adapter_template
[6.910s] copying config.yaml -> /home/robot1/rmf_ws/install/fleet_adapter_template/share/fleet_adapter_template
[6.910s] running install_egg_info
[6.915s] Copying ../../../build/fleet_adapter_template/fleet_adapter_template.egg-info to /home/robot1/rmf_ws/install/fleet_adapter_template/lib/python3.10/site-packages/fleet_adapter_template-0.0.0-py3.10.egg-info
[6.916s] running install_scripts
[6.964s] Installing fleet_adapter script to /home/robot1/rmf_ws/install/fleet_adapter_template/lib/fleet_adapter_template
[6.965s] writing list of installed files to '/home/robot1/rmf_ws/build/fleet_adapter_template/install.log'
[7.018s] Invoked command in '/home/robot1/rmf_ws/src/fleet_adapter_template/fleet_adapter_template' returned '0': PYTHONPATH=/home/robot1/rmf_ws/build/fleet_adapter_template/prefix_override:/usr/lib/python3/dist-packages/colcon_core/task/python/colcon_distutils_commands:/home/robot1/rmf_ws/install/fleet_adapter_template/lib/python3.10/site-packages:${PYTHONPATH} /usr/bin/python3 -W ignore:setup.py install is deprecated -W ignore:easy_install command is deprecated setup.py egg_info --egg-base ../../../build/fleet_adapter_template build --build-base /home/robot1/rmf_ws/build/fleet_adapter_template/build install --record /home/robot1/rmf_ws/build/fleet_adapter_template/install.log --single-version-externally-managed install_data --force
