running develop
running egg_info
writing my_rmf_core.egg-info/PKG-INFO
writing dependency_links to my_rmf_core.egg-info/dependency_links.txt
writing entry points to my_rmf_core.egg-info/entry_points.txt
writing requirements to my_rmf_core.egg-info/requires.txt
writing top-level names to my_rmf_core.egg-info/top_level.txt
reading manifest file 'my_rmf_core.egg-info/SOURCES.txt'
writing manifest file 'my_rmf_core.egg-info/SOURCES.txt'
running build_ext
Creating /home/robot1/rmf_ws/install/my_rmf_core/lib/python3.10/site-packages/my-rmf-core.egg-link (link to .)

Installed /home/robot1/rmf_ws/build/my_rmf_core
running symlink_data
creating /home/robot1/rmf_ws/install/my_rmf_core/share/ament_index
creating /home/robot1/rmf_ws/install/my_rmf_core/share/ament_index/resource_index
creating /home/robot1/rmf_ws/install/my_rmf_core/share/ament_index/resource_index/packages
symbolically linking /home/robot1/rmf_ws/build/my_rmf_core/resource/my_rmf_core -> /home/robot1/rmf_ws/install/my_rmf_core/share/ament_index/resource_index/packages
symbolically linking /home/robot1/rmf_ws/build/my_rmf_core/package.xml -> /home/robot1/rmf_ws/install/my_rmf_core/share/my_rmf_core
creating /home/robot1/rmf_ws/install/my_rmf_core/share/my_rmf_core/launch
symbolically linking /home/robot1/rmf_ws/build/my_rmf_core/launch/rmf_core.launch.py -> /home/robot1/rmf_ws/install/my_rmf_core/share/my_rmf_core/launch
