[1.288s] Invoking command in '/home/robot1/rmf_ws/build/my_rmf_core': PYTHONPATH=/home/robot1/rmf_ws/build/my_rmf_core/prefix_override:/usr/lib/python3/dist-packages/colcon_core/task/python/colcon_distutils_commands:/home/robot1/rmf_ws/install/my_rmf_core/lib/python3.10/site-packages:${PYTHONPATH} /usr/bin/python3 -W ignore:setup.py install is deprecated -W ignore:easy_install command is deprecated setup.py develop --editable --build-directory /home/robot1/rmf_ws/build/my_rmf_core/build --no-deps symlink_data
[1.630s] running develop
[1.890s] running egg_info
[1.892s] writing my_rmf_core.egg-info/PKG-INFO
[1.892s] writing dependency_links to my_rmf_core.egg-info/dependency_links.txt
[1.892s] writing entry points to my_rmf_core.egg-info/entry_points.txt
[1.892s] writing requirements to my_rmf_core.egg-info/requires.txt
[1.892s] writing top-level names to my_rmf_core.egg-info/top_level.txt
[1.899s] reading manifest file 'my_rmf_core.egg-info/SOURCES.txt'
[1.900s] writing manifest file 'my_rmf_core.egg-info/SOURCES.txt'
[1.904s] running build_ext
[1.904s] Creating /home/robot1/rmf_ws/install/my_rmf_core/lib/python3.10/site-packages/my-rmf-core.egg-link (link to .)
[1.905s] 
[1.905s] Installed /home/robot1/rmf_ws/build/my_rmf_core
[1.906s] running symlink_data
[1.906s] creating /home/robot1/rmf_ws/install/my_rmf_core/share/ament_index
[1.906s] creating /home/robot1/rmf_ws/install/my_rmf_core/share/ament_index/resource_index
[1.906s] creating /home/robot1/rmf_ws/install/my_rmf_core/share/ament_index/resource_index/packages
[1.906s] symbolically linking /home/robot1/rmf_ws/build/my_rmf_core/resource/my_rmf_core -> /home/robot1/rmf_ws/install/my_rmf_core/share/ament_index/resource_index/packages
[1.906s] symbolically linking /home/robot1/rmf_ws/build/my_rmf_core/package.xml -> /home/robot1/rmf_ws/install/my_rmf_core/share/my_rmf_core
[1.906s] creating /home/robot1/rmf_ws/install/my_rmf_core/share/my_rmf_core/launch
[1.906s] symbolically linking /home/robot1/rmf_ws/build/my_rmf_core/launch/rmf_core.launch.py -> /home/robot1/rmf_ws/install/my_rmf_core/share/my_rmf_core/launch
[1.960s] Invoked command in '/home/robot1/rmf_ws/build/my_rmf_core' returned '0': PYTHONPATH=/home/robot1/rmf_ws/build/my_rmf_core/prefix_override:/usr/lib/python3/dist-packages/colcon_core/task/python/colcon_distutils_commands:/home/robot1/rmf_ws/install/my_rmf_core/lib/python3.10/site-packages:${PYTHONPATH} /usr/bin/python3 -W ignore:setup.py install is deprecated -W ignore:easy_install command is deprecated setup.py develop --editable --build-directory /home/robot1/rmf_ws/build/my_rmf_core/build --no-deps symlink_data
